# JRE version: OpenJDK Runtime Environment Temurin-17.0.11+9 (17.0.11+9) (build 17.0.11+9)
# Java VM: OpenJDK 64-Bit Server VM Temurin-17.0.11+9 (17.0.11+9, mixed mode, tiered, compressed oops, compressed class ptrs, parallel gc, windows-amd64)
GC Precious Log:
 CPUs: 8 total, 8 available
 Memory: 16187M
 Large Page Support: Disabled
 NUMA Support: Disabled
 Compressed Oops: Enabled (32-bit)
 Alignments: Space 512K, Generation 512K, Heap 2M
 Heap Min Capacity: 100M
 Heap Initial Capacity: 100M
 Heap Max Capacity: 1G
 Pre-touch: Disabled
 Parallel Workers: 8
Heap:
 PSYoungGen      total 36352K, used 11318K [0x00000000eab00000, 0x00000000ee300000, 0x0000000100000000)
  eden space 25088K, 1% used [0x00000000eab00000,0x00000000eab5dd38,0x00000000ec380000)
  from space 11264K, 97% used [0x00000000ec380000,0x00000000ece2fb90,0x00000000ece80000)
  to   space 15360K, 0% used [0x00000000ed400000,0x00000000ed400000,0x00000000ee300000)
 ParOldGen       total 312832K, used 275678K [0x00000000c0000000, 0x00000000d3180000, 0x00000000eab00000)
  object space 312832K, 88% used [0x00000000c0000000,0x00000000d0d379a0,0x00000000d3180000)
 Metaspace       used 76213K, committed 77632K, reserved 1179648K
  class space    used 7933K, committed 8576K, reserved 1048576K
GC Heap History (20 events):
Event: 21.281 GC heap after
{Heap after GC invocations=145 (full 10):
 PSYoungGen      total 39936K, used 11479K [0x00000000eab00000, 0x00000000ee200000, 0x0000000100000000)
  eden space 28160K, 0% used [0x00000000eab00000,0x00000000eab00000,0x00000000ec680000)
  from space 11776K, 97% used [0x00000000ed680000,0x00000000ee1b5de8,0x00000000ee200000)
  to   space 13312K, 0% used [0x00000000ec800000,0x00000000ec800000,0x00000000ed500000)
 ParOldGen       total 253440K, used 229510K [0x00000000c0000000, 0x00000000cf780000, 0x00000000eab00000)
  object space 253440K, 90% used [0x00000000c0000000,0x00000000ce021a08,0x00000000cf780000)
 Metaspace       used 75828K, committed 77248K, reserved 1179648K
  class space    used 7932K, committed 8576K, reserved 1048576K
}
Event: 21.382 GC heap before
{Heap before GC invocations=146 (full 10):
 PSYoungGen      total 39936K, used 39639K [0x00000000eab00000, 0x00000000ee200000, 0x0000000100000000)
  eden space 28160K, 100% used [0x00000000eab00000,0x00000000ec680000,0x00000000ec680000)
  from space 11776K, 97% used [0x00000000ed680000,0x00000000ee1b5de8,0x00000000ee200000)
  to   space 13312K, 0% used [0x00000000ec800000,0x00000000ec800000,0x00000000ed500000)
 ParOldGen       total 253440K, used 229510K [0x00000000c0000000, 0x00000000cf780000, 0x00000000eab00000)
  object space 253440K, 90% used [0x00000000c0000000,0x00000000ce021a08,0x00000000cf780000)
 Metaspace       used 75828K, committed 77248K, reserved 1179648K
  class space    used 7932K, committed 8576K, reserved 1048576K
}
Event: 21.390 GC heap after
{Heap after GC invocations=146 (full 10):
 PSYoungGen      total 42496K, used 13286K [0x00000000eab00000, 0x00000000eeb80000, 0x0000000100000000)
  eden space 29184K, 0% used [0x00000000eab00000,0x00000000eab00000,0x00000000ec780000)
  from space 13312K, 99% used [0x00000000ec800000,0x00000000ed4f98c8,0x00000000ed500000)
  to   space 18432K, 0% used [0x00000000ed980000,0x00000000ed980000,0x00000000eeb80000)
 ParOldGen       total 253440K, used 233388K [0x00000000c0000000, 0x00000000cf780000, 0x00000000eab00000)
  object space 253440K, 92% used [0x00000000c0000000,0x00000000ce3eb010,0x00000000cf780000)
 Metaspace       used 75828K, committed 77248K, reserved 1179648K
  class space    used 7932K, committed 8576K, reserved 1048576K
}
Event: 21.514 GC heap before
{Heap before GC invocations=147 (full 10):
 PSYoungGen      total 42496K, used 42470K [0x00000000eab00000, 0x00000000eeb80000, 0x0000000100000000)
  eden space 29184K, 100% used [0x00000000eab00000,0x00000000ec780000,0x00000000ec780000)
  from space 13312K, 99% used [0x00000000ec800000,0x00000000ed4f98c8,0x00000000ed500000)
  to   space 18432K, 0% used [0x00000000ed980000,0x00000000ed980000,0x00000000eeb80000)
 ParOldGen       total 253440K, used 233388K [0x00000000c0000000, 0x00000000cf780000, 0x00000000eab00000)
  object space 253440K, 92% used [0x00000000c0000000,0x00000000ce3eb010,0x00000000cf780000)
 Metaspace       used 75829K, committed 77248K, reserved 1179648K
  class space    used 7932K, committed 8576K, reserved 1048576K
}
Event: 21.524 GC heap after
{Heap after GC invocations=147 (full 10):
 PSYoungGen      total 41984K, used 11042K [0x00000000eab00000, 0x00000000ee480000, 0x0000000100000000)
  eden space 30720K, 0% used [0x00000000eab00000,0x00000000eab00000,0x00000000ec900000)
  from space 11264K, 98% used [0x00000000ed980000,0x00000000ee448a08,0x00000000ee480000)
  to   space 13312K, 0% used [0x00000000eca80000,0x00000000eca80000,0x00000000ed780000)
 ParOldGen       total 253440K, used 242005K [0x00000000c0000000, 0x00000000cf780000, 0x00000000eab00000)
  object space 253440K, 95% used [0x00000000c0000000,0x00000000cec55528,0x00000000cf780000)
 Metaspace       used 75829K, committed 77248K, reserved 1179648K
  class space    used 7932K, committed 8576K, reserved 1048576K
}
Event: 21.669 GC heap before
{Heap before GC invocations=148 (full 10):
 PSYoungGen      total 41984K, used 41762K [0x00000000eab00000, 0x00000000ee480000, 0x0000000100000000)
  eden space 30720K, 100% used [0x00000000eab00000,0x00000000ec900000,0x00000000ec900000)
  from space 11264K, 98% used [0x00000000ed980000,0x00000000ee448a08,0x00000000ee480000)
  to   space 13312K, 0% used [0x00000000eca80000,0x00000000eca80000,0x00000000ed780000)
 ParOldGen       total 253440K, used 242005K [0x00000000c0000000, 0x00000000cf780000, 0x00000000eab00000)
  object space 253440K, 95% used [0x00000000c0000000,0x00000000cec55528,0x00000000cf780000)
 Metaspace       used 75830K, committed 77248K, reserved 1179648K
  class space    used 7932K, committed 8576K, reserved 1048576K
}
Event: 21.676 GC heap after
{Heap after GC invocations=148 (full 10):
 PSYoungGen      total 45568K, used 13284K [0x00000000eab00000, 0x00000000eef80000, 0x0000000100000000)
  eden space 32256K, 0% used [0x00000000eab00000,0x00000000eab00000,0x00000000eca80000)
  from space 13312K, 99% used [0x00000000eca80000,0x00000000ed7790e0,0x00000000ed780000)
  to   space 18944K, 0% used [0x00000000edd00000,0x00000000edd00000,0x00000000eef80000)
 ParOldGen       total 253440K, used 246047K [0x00000000c0000000, 0x00000000cf780000, 0x00000000eab00000)
  object space 253440K, 97% used [0x00000000c0000000,0x00000000cf047ed8,0x00000000cf780000)
 Metaspace       used 75830K, committed 77248K, reserved 1179648K
  class space    used 7932K, committed 8576K, reserved 1048576K
}
Event: 21.844 GC heap before
{Heap before GC invocations=149 (full 10):
 PSYoungGen      total 45568K, used 45540K [0x00000000eab00000, 0x00000000eef80000, 0x0000000100000000)
  eden space 32256K, 100% used [0x00000000eab00000,0x00000000eca80000,0x00000000eca80000)
  from space 13312K, 99% used [0x00000000eca80000,0x00000000ed7790e0,0x00000000ed780000)
  to   space 18944K, 0% used [0x00000000edd00000,0x00000000edd00000,0x00000000eef80000)
 ParOldGen       total 253440K, used 246047K [0x00000000c0000000, 0x00000000cf780000, 0x00000000eab00000)
  object space 253440K, 97% used [0x00000000c0000000,0x00000000cf047ed8,0x00000000cf780000)
 Metaspace       used 75830K, committed 77248K, reserved 1179648K
  class space    used 7932K, committed 8576K, reserved 1048576K
}
Event: 21.852 GC heap after
{Heap after GC invocations=149 (full 10):
 PSYoungGen      total 46080K, used 12230K [0x00000000eab00000, 0x00000000ee900000, 0x0000000100000000)
  eden space 33792K, 0% used [0x00000000eab00000,0x00000000eab00000,0x00000000ecc00000)
  from space 12288K, 99% used [0x00000000edd00000,0x00000000ee8f1890,0x00000000ee900000)
  to   space 14336K, 0% used [0x00000000ecd00000,0x00000000ecd00000,0x00000000edb00000)
 ParOldGen       total 254464K, used 254230K [0x00000000c0000000, 0x00000000cf880000, 0x00000000eab00000)
  object space 254464K, 99% used [0x00000000c0000000,0x00000000cf845b40,0x00000000cf880000)
 Metaspace       used 75830K, committed 77248K, reserved 1179648K
  class space    used 7932K, committed 8576K, reserved 1048576K
}
Event: 21.852 GC heap before
{Heap before GC invocations=150 (full 11):
 PSYoungGen      total 46080K, used 12230K [0x00000000eab00000, 0x00000000ee900000, 0x0000000100000000)
  eden space 33792K, 0% used [0x00000000eab00000,0x00000000eab00000,0x00000000ecc00000)
  from space 12288K, 99% used [0x00000000edd00000,0x00000000ee8f1890,0x00000000ee900000)
  to   space 14336K, 0% used [0x00000000ecd00000,0x00000000ecd00000,0x00000000edb00000)
 ParOldGen       total 254464K, used 254230K [0x00000000c0000000, 0x00000000cf880000, 0x00000000eab00000)
  object space 254464K, 99% used [0x00000000c0000000,0x00000000cf845b40,0x00000000cf880000)
 Metaspace       used 75830K, committed 77248K, reserved 1179648K
  class space    used 7932K, committed 8576K, reserved 1048576K
}
Event: 22.181 GC heap after
{Heap after GC invocations=150 (full 11):
 PSYoungGen      total 48128K, used 1880K [0x00000000eab00000, 0x00000000eea00000, 0x0000000100000000)
  eden space 35840K, 0% used [0x00000000eab00000,0x00000000eab00000,0x00000000ece00000)
  from space 12288K, 15% used [0x00000000edd00000,0x00000000eded62f8,0x00000000ee900000)
  to   space 14336K, 0% used [0x00000000ece00000,0x00000000ece00000,0x00000000edc00000)
 ParOldGen       total 312832K, used 254455K [0x00000000c0000000, 0x00000000d3180000, 0x00000000eab00000)
  object space 312832K, 81% used [0x00000000c0000000,0x00000000cf87dee8,0x00000000d3180000)
 Metaspace       used 75828K, committed 77248K, reserved 1179648K
  class space    used 7932K, committed 8576K, reserved 1048576K
}
Event: 22.310 GC heap before
{Heap before GC invocations=151 (full 11):
 PSYoungGen      total 48128K, used 37720K [0x00000000eab00000, 0x00000000eea00000, 0x0000000100000000)
  eden space 35840K, 100% used [0x00000000eab00000,0x00000000ece00000,0x00000000ece00000)
  from space 12288K, 15% used [0x00000000edd00000,0x00000000eded62f8,0x00000000ee900000)
  to   space 14336K, 0% used [0x00000000ece00000,0x00000000ece00000,0x00000000edc00000)
 ParOldGen       total 312832K, used 254455K [0x00000000c0000000, 0x00000000d3180000, 0x00000000eab00000)
  object space 312832K, 81% used [0x00000000c0000000,0x00000000cf87dee8,0x00000000d3180000)
 Metaspace       used 75828K, committed 77248K, reserved 1179648K
  class space    used 7932K, committed 8576K, reserved 1048576K
}
Event: 22.328 GC heap after
{Heap after GC invocations=151 (full 11):
 PSYoungGen      total 46080K, used 10037K [0x00000000eab00000, 0x00000000ee600000, 0x0000000100000000)
  eden space 35840K, 0% used [0x00000000eab00000,0x00000000eab00000,0x00000000ece00000)
  from space 10240K, 98% used [0x00000000ece00000,0x00000000ed7cd460,0x00000000ed800000)
  to   space 11264K, 0% used [0x00000000edb00000,0x00000000edb00000,0x00000000ee600000)
 ParOldGen       total 312832K, used 254455K [0x00000000c0000000, 0x00000000d3180000, 0x00000000eab00000)
  object space 312832K, 81% used [0x00000000c0000000,0x00000000cf87dee8,0x00000000d3180000)
 Metaspace       used 75828K, committed 77248K, reserved 1179648K
  class space    used 7932K, committed 8576K, reserved 1048576K
}
Event: 22.440 GC heap before
{Heap before GC invocations=152 (full 11):
 PSYoungGen      total 46080K, used 45877K [0x00000000eab00000, 0x00000000ee600000, 0x0000000100000000)
  eden space 35840K, 100% used [0x00000000eab00000,0x00000000ece00000,0x00000000ece00000)
  from space 10240K, 98% used [0x00000000ece00000,0x00000000ed7cd460,0x00000000ed800000)
  to   space 11264K, 0% used [0x00000000edb00000,0x00000000edb00000,0x00000000ee600000)
 ParOldGen       total 312832K, used 254455K [0x00000000c0000000, 0x00000000d3180000, 0x00000000eab00000)
  object space 312832K, 81% used [0x00000000c0000000,0x00000000cf87dee8,0x00000000d3180000)
 Metaspace       used 75828K, committed 77248K, reserved 1179648K
  class space    used 7932K, committed 8576K, reserved 1048576K
}
Event: 22.448 GC heap after
{Heap after GC invocations=152 (full 11):
 PSYoungGen      total 40960K, used 11257K [0x00000000eab00000, 0x00000000ef600000, 0x0000000100000000)
  eden space 29696K, 0% used [0x00000000eab00000,0x00000000eab00000,0x00000000ec800000)
  from space 11264K, 99% used [0x00000000edb00000,0x00000000ee5fe428,0x00000000ee600000)
  to   space 19456K, 0% used [0x00000000ec800000,0x00000000ec800000,0x00000000edb00000)
 ParOldGen       total 312832K, used 260849K [0x00000000c0000000, 0x00000000d3180000, 0x00000000eab00000)
  object space 312832K, 83% used [0x00000000c0000000,0x00000000cfebc6f8,0x00000000d3180000)
 Metaspace       used 75828K, committed 77248K, reserved 1179648K
  class space    used 7932K, committed 8576K, reserved 1048576K
}
Event: 22.554 GC heap before
{Heap before GC invocations=153 (full 11):
 PSYoungGen      total 40960K, used 40953K [0x00000000eab00000, 0x00000000ef600000, 0x0000000100000000)
  eden space 29696K, 100% used [0x00000000eab00000,0x00000000ec800000,0x00000000ec800000)
  from space 11264K, 99% used [0x00000000edb00000,0x00000000ee5fe428,0x00000000ee600000)
  to   space 19456K, 0% used [0x00000000ec800000,0x00000000ec800000,0x00000000edb00000)
 ParOldGen       total 312832K, used 260849K [0x00000000c0000000, 0x00000000d3180000, 0x00000000eab00000)
  object space 312832K, 83% used [0x00000000c0000000,0x00000000cfebc6f8,0x00000000d3180000)
 Metaspace       used 75828K, committed 77248K, reserved 1179648K
  class space    used 7932K, committed 8576K, reserved 1048576K
}
Event: 22.563 GC heap after
{Heap after GC invocations=153 (full 11):
 PSYoungGen      total 46592K, used 16427K [0x00000000eab00000, 0x00000000eeb00000, 0x0000000100000000)
  eden space 29696K, 0% used [0x00000000eab00000,0x00000000eab00000,0x00000000ec800000)
  from space 16896K, 97% used [0x00000000ec800000,0x00000000ed80ae10,0x00000000ed880000)
  to   space 16896K, 0% used [0x00000000eda80000,0x00000000eda80000,0x00000000eeb00000)
 ParOldGen       total 312832K, used 262003K [0x00000000c0000000, 0x00000000d3180000, 0x00000000eab00000)
  object space 312832K, 83% used [0x00000000c0000000,0x00000000cffdcda0,0x00000000d3180000)
 Metaspace       used 75828K, committed 77248K, reserved 1179648K
  class space    used 7932K, committed 8576K, reserved 1048576K
}
Event: 22.777 GC heap before
{Heap before GC invocations=154 (full 11):
 PSYoungGen      total 46592K, used 46123K [0x00000000eab00000, 0x00000000eeb00000, 0x0000000100000000)
  eden space 29696K, 100% used [0x00000000eab00000,0x00000000ec800000,0x00000000ec800000)
  from space 16896K, 97% used [0x00000000ec800000,0x00000000ed80ae10,0x00000000ed880000)
  to   space 16896K, 0% used [0x00000000eda80000,0x00000000eda80000,0x00000000eeb00000)
 ParOldGen       total 312832K, used 262003K [0x00000000c0000000, 0x00000000d3180000, 0x00000000eab00000)
  object space 312832K, 83% used [0x00000000c0000000,0x00000000cffdcda0,0x00000000d3180000)
 Metaspace       used 76026K, committed 77440K, reserved 1179648K
  class space    used 7932K, committed 8576K, reserved 1048576K
}
Event: 22.786 GC heap after
{Heap after GC invocations=154 (full 11):
 PSYoungGen      total 41984K, used 16883K [0x00000000eab00000, 0x00000000ef780000, 0x0000000100000000)
  eden space 25088K, 0% used [0x00000000eab00000,0x00000000eab00000,0x00000000ec380000)
  from space 16896K, 99% used [0x00000000eda80000,0x00000000eeafced0,0x00000000eeb00000)
  to   space 23552K, 0% used [0x00000000ec380000,0x00000000ec380000,0x00000000eda80000)
 ParOldGen       total 312832K, used 267492K [0x00000000c0000000, 0x00000000d3180000, 0x00000000eab00000)
  object space 312832K, 85% used [0x00000000c0000000,0x00000000d0539078,0x00000000d3180000)
 Metaspace       used 76026K, committed 77440K, reserved 1179648K
  class space    used 7932K, committed 8576K, reserved 1048576K
}
Event: 23.088 GC heap before
{Heap before GC invocations=155 (full 11):
 PSYoungGen      total 41984K, used 41971K [0x00000000eab00000, 0x00000000ef780000, 0x0000000100000000)
  eden space 25088K, 100% used [0x00000000eab00000,0x00000000ec380000,0x00000000ec380000)
  from space 16896K, 99% used [0x00000000eda80000,0x00000000eeafced0,0x00000000eeb00000)
  to   space 23552K, 0% used [0x00000000ec380000,0x00000000ec380000,0x00000000eda80000)
 ParOldGen       total 312832K, used 267492K [0x00000000c0000000, 0x00000000d3180000, 0x00000000eab00000)
  object space 312832K, 85% used [0x00000000c0000000,0x00000000d0539078,0x00000000d3180000)
 Metaspace       used 76213K, committed 77632K, reserved 1179648K
  class space    used 7933K, committed 8576K, reserved 1048576K
}

