# JRE version: OpenJDK Runtime Environment Temurin-17.0.11+9 (17.0.11+9) (build 17.0.11+9)
# Java VM: OpenJDK 64-Bit Server VM Temurin-17.0.11+9 (17.0.11+9, mixed mode, tiered, compressed oops, compressed class ptrs, parallel gc, windows-amd64)
GC Precious Log:
 CPUs: 8 total, 8 available
 Memory: 16187M
 Large Page Support: Disabled
 NUMA Support: Disabled
 Compressed Oops: Enabled (32-bit)
 Alignments: Space 512K, Generation 512K, Heap 2M
 Heap Min Capacity: 100M
 Heap Initial Capacity: 100M
 Heap Max Capacity: 1G
 Pre-touch: Disabled
 Parallel Workers: 8
Heap:
 PSYoungGen      total 7680K, used 2018K [0x00000000eab00000, 0x00000000eb480000, 0x0000000100000000)
  eden space 6144K, 9% used [0x00000000eab00000,0x00000000eab908c0,0x00000000eb100000)
  from space 1536K, 93% used [0x00000000eb280000,0x00000000eb3e8040,0x00000000eb400000)
  to   space 512K, 0% used [0x00000000eb400000,0x00000000eb400000,0x00000000eb480000)
 ParOldGen       total 441856K, used 422049K [0x00000000c0000000, 0x00000000daf80000, 0x00000000eab00000)
  object space 441856K, 95% used [0x00000000c0000000,0x00000000d9c287f8,0x00000000daf80000)
 Metaspace       used 78690K, committed 80128K, reserved 1179648K
  class space    used 8288K, committed 8896K, reserved 1048576K
GC Heap History (20 events):
Event: 61.761 GC heap before
{Heap before GC invocations=418 (full 19):
 PSYoungGen      total 3584K, used 3136K [0x00000000eab00000, 0x00000000eb380000, 0x0000000100000000)
  eden space 2560K, 100% used [0x00000000eab00000,0x00000000ead80000,0x00000000ead80000)
  from space 1024K, 56% used [0x00000000eae00000,0x00000000eae90000,0x00000000eaf00000)
  to   space 2048K, 0% used [0x00000000eb180000,0x00000000eb180000,0x00000000eb380000)
 ParOldGen       total 441856K, used 407453K [0x00000000c0000000, 0x00000000daf80000, 0x00000000eab00000)
  object space 441856K, 92% used [0x00000000c0000000,0x00000000d8de7508,0x00000000daf80000)
 Metaspace       used 77921K, committed 79360K, reserved 1179648K
  class space    used 8201K, committed 8832K, reserved 1048576K
}
Event: 61.764 GC heap after
{Heap after GC invocations=418 (full 19):
 PSYoungGen      total 3584K, used 432K [0x00000000eab00000, 0x00000000eb200000, 0x0000000100000000)
  eden space 3072K, 0% used [0x00000000eab00000,0x00000000eab00000,0x00000000eae00000)
  from space 512K, 84% used [0x00000000eb180000,0x00000000eb1ec010,0x00000000eb200000)
  to   space 1024K, 0% used [0x00000000eb000000,0x00000000eb000000,0x00000000eb100000)
 ParOldGen       total 441856K, used 407965K [0x00000000c0000000, 0x00000000daf80000, 0x00000000eab00000)
  object space 441856K, 92% used [0x00000000c0000000,0x00000000d8e67508,0x00000000daf80000)
 Metaspace       used 77921K, committed 79360K, reserved 1179648K
  class space    used 8201K, committed 8832K, reserved 1048576K
}
Event: 61.885 GC heap before
{Heap before GC invocations=419 (full 19):
 PSYoungGen      total 3584K, used 3504K [0x00000000eab00000, 0x00000000eb200000, 0x0000000100000000)
  eden space 3072K, 100% used [0x00000000eab00000,0x00000000eae00000,0x00000000eae00000)
  from space 512K, 84% used [0x00000000eb180000,0x00000000eb1ec010,0x00000000eb200000)
  to   space 1024K, 0% used [0x00000000eb000000,0x00000000eb000000,0x00000000eb100000)
 ParOldGen       total 441856K, used 407965K [0x00000000c0000000, 0x00000000daf80000, 0x00000000eab00000)
  object space 441856K, 92% used [0x00000000c0000000,0x00000000d8e67508,0x00000000daf80000)
 Metaspace       used 78005K, committed 79424K, reserved 1179648K
  class space    used 8205K, committed 8832K, reserved 1048576K
}
Event: 61.886 GC heap after
{Heap after GC invocations=419 (full 19):
 PSYoungGen      total 5120K, used 192K [0x00000000eab00000, 0x00000000eb200000, 0x0000000100000000)
  eden space 4096K, 0% used [0x00000000eab00000,0x00000000eab00000,0x00000000eaf00000)
  from space 1024K, 18% used [0x00000000eb000000,0x00000000eb030000,0x00000000eb100000)
  to   space 512K, 0% used [0x00000000eb180000,0x00000000eb180000,0x00000000eb200000)
 ParOldGen       total 441856K, used 408077K [0x00000000c0000000, 0x00000000daf80000, 0x00000000eab00000)
  object space 441856K, 92% used [0x00000000c0000000,0x00000000d8e83508,0x00000000daf80000)
 Metaspace       used 78005K, committed 79424K, reserved 1179648K
  class space    used 8205K, committed 8832K, reserved 1048576K
}
Event: 76.712 GC heap before
{Heap before GC invocations=420 (full 19):
 PSYoungGen      total 5120K, used 4288K [0x00000000eab00000, 0x00000000eb200000, 0x0000000100000000)
  eden space 4096K, 100% used [0x00000000eab00000,0x00000000eaf00000,0x00000000eaf00000)
  from space 1024K, 18% used [0x00000000eb000000,0x00000000eb030000,0x00000000eb100000)
  to   space 512K, 0% used [0x00000000eb180000,0x00000000eb180000,0x00000000eb200000)
 ParOldGen       total 441856K, used 408077K [0x00000000c0000000, 0x00000000daf80000, 0x00000000eab00000)
  object space 441856K, 92% used [0x00000000c0000000,0x00000000d8e83508,0x00000000daf80000)
 Metaspace       used 78070K, committed 79488K, reserved 1179648K
  class space    used 8215K, committed 8832K, reserved 1048576K
}
Event: 76.714 GC heap after
{Heap after GC invocations=420 (full 19):
 PSYoungGen      total 4096K, used 506K [0x00000000eab00000, 0x00000000eb580000, 0x0000000100000000)
  eden space 3584K, 0% used [0x00000000eab00000,0x00000000eab00000,0x00000000eae80000)
  from space 512K, 98% used [0x00000000eb180000,0x00000000eb1fe8f0,0x00000000eb200000)
  to   space 3072K, 0% used [0x00000000eae80000,0x00000000eae80000,0x00000000eb180000)
 ParOldGen       total 441856K, used 410135K [0x00000000c0000000, 0x00000000daf80000, 0x00000000eab00000)
  object space 441856K, 92% used [0x00000000c0000000,0x00000000d9085df8,0x00000000daf80000)
 Metaspace       used 78070K, committed 79488K, reserved 1179648K
  class space    used 8215K, committed 8832K, reserved 1048576K
}
Event: 76.726 GC heap before
{Heap before GC invocations=421 (full 19):
 PSYoungGen      total 4096K, used 4090K [0x00000000eab00000, 0x00000000eb580000, 0x0000000100000000)
  eden space 3584K, 100% used [0x00000000eab00000,0x00000000eae80000,0x00000000eae80000)
  from space 512K, 98% used [0x00000000eb180000,0x00000000eb1fe8f0,0x00000000eb200000)
  to   space 3072K, 0% used [0x00000000eae80000,0x00000000eae80000,0x00000000eb180000)
 ParOldGen       total 441856K, used 410135K [0x00000000c0000000, 0x00000000daf80000, 0x00000000eab00000)
  object space 441856K, 92% used [0x00000000c0000000,0x00000000d9085df8,0x00000000daf80000)
 Metaspace       used 78070K, committed 79488K, reserved 1179648K
  class space    used 8215K, committed 8832K, reserved 1048576K
}
Event: 76.729 GC heap after
{Heap after GC invocations=421 (full 19):
 PSYoungGen      total 6656K, used 3072K [0x00000000eab00000, 0x00000000eb880000, 0x0000000100000000)
  eden space 3584K, 0% used [0x00000000eab00000,0x00000000eab00000,0x00000000eae80000)
  from space 3072K, 100% used [0x00000000eae80000,0x00000000eb180000,0x00000000eb180000)
  to   space 4608K, 0% used [0x00000000eb400000,0x00000000eb400000,0x00000000eb880000)
 ParOldGen       total 441856K, used 411089K [0x00000000c0000000, 0x00000000daf80000, 0x00000000eab00000)
  object space 441856K, 93% used [0x00000000c0000000,0x00000000d91746e8,0x00000000daf80000)
 Metaspace       used 78070K, committed 79488K, reserved 1179648K
  class space    used 8215K, committed 8832K, reserved 1048576K
}
Event: 76.760 GC heap before
{Heap before GC invocations=422 (full 19):
 PSYoungGen      total 6656K, used 6656K [0x00000000eab00000, 0x00000000eb880000, 0x0000000100000000)
  eden space 3584K, 100% used [0x00000000eab00000,0x00000000eae80000,0x00000000eae80000)
  from space 3072K, 100% used [0x00000000eae80000,0x00000000eb180000,0x00000000eb180000)
  to   space 4608K, 0% used [0x00000000eb400000,0x00000000eb400000,0x00000000eb880000)
 ParOldGen       total 441856K, used 411089K [0x00000000c0000000, 0x00000000daf80000, 0x00000000eab00000)
  object space 441856K, 93% used [0x00000000c0000000,0x00000000d91746e8,0x00000000daf80000)
 Metaspace       used 78087K, committed 79488K, reserved 1179648K
  class space    used 8218K, committed 8832K, reserved 1048576K
}
Event: 76.765 GC heap after
{Heap after GC invocations=422 (full 19):
 PSYoungGen      total 7680K, used 2720K [0x00000000eab00000, 0x00000000eb700000, 0x0000000100000000)
  eden space 4608K, 0% used [0x00000000eab00000,0x00000000eab00000,0x00000000eaf80000)
  from space 3072K, 88% used [0x00000000eb400000,0x00000000eb6a8000,0x00000000eb700000)
  to   space 3584K, 0% used [0x00000000eb000000,0x00000000eb000000,0x00000000eb380000)
 ParOldGen       total 441856K, used 414209K [0x00000000c0000000, 0x00000000daf80000, 0x00000000eab00000)
  object space 441856K, 93% used [0x00000000c0000000,0x00000000d94806e8,0x00000000daf80000)
 Metaspace       used 78087K, committed 79488K, reserved 1179648K
  class space    used 8218K, committed 8832K, reserved 1048576K
}
Event: 76.796 GC heap before
{Heap before GC invocations=423 (full 19):
 PSYoungGen      total 7680K, used 7328K [0x00000000eab00000, 0x00000000eb700000, 0x0000000100000000)
  eden space 4608K, 100% used [0x00000000eab00000,0x00000000eaf80000,0x00000000eaf80000)
  from space 3072K, 88% used [0x00000000eb400000,0x00000000eb6a8000,0x00000000eb700000)
  to   space 3584K, 0% used [0x00000000eb000000,0x00000000eb000000,0x00000000eb380000)
 ParOldGen       total 441856K, used 414209K [0x00000000c0000000, 0x00000000daf80000, 0x00000000eab00000)
  object space 441856K, 93% used [0x00000000c0000000,0x00000000d94806e8,0x00000000daf80000)
 Metaspace       used 78113K, committed 79552K, reserved 1179648K
  class space    used 8221K, committed 8832K, reserved 1048576K
}
Event: 76.800 GC heap after
{Heap after GC invocations=423 (full 19):
 PSYoungGen      total 8704K, used 3302K [0x00000000eab00000, 0x00000000eb780000, 0x0000000100000000)
  eden space 5120K, 0% used [0x00000000eab00000,0x00000000eab00000,0x00000000eb000000)
  from space 3584K, 92% used [0x00000000eb000000,0x00000000eb339800,0x00000000eb380000)
  to   space 3584K, 0% used [0x00000000eb400000,0x00000000eb400000,0x00000000eb780000)
 ParOldGen       total 441856K, used 416841K [0x00000000c0000000, 0x00000000daf80000, 0x00000000eab00000)
  object space 441856K, 94% used [0x00000000c0000000,0x00000000d97126e8,0x00000000daf80000)
 Metaspace       used 78113K, committed 79552K, reserved 1179648K
  class space    used 8221K, committed 8832K, reserved 1048576K
}
Event: 76.818 GC heap before
{Heap before GC invocations=424 (full 19):
 PSYoungGen      total 8704K, used 8422K [0x00000000eab00000, 0x00000000eb780000, 0x0000000100000000)
  eden space 5120K, 100% used [0x00000000eab00000,0x00000000eb000000,0x00000000eb000000)
  from space 3584K, 92% used [0x00000000eb000000,0x00000000eb339800,0x00000000eb380000)
  to   space 3584K, 0% used [0x00000000eb400000,0x00000000eb400000,0x00000000eb780000)
 ParOldGen       total 441856K, used 416841K [0x00000000c0000000, 0x00000000daf80000, 0x00000000eab00000)
  object space 441856K, 94% used [0x00000000c0000000,0x00000000d97126e8,0x00000000daf80000)
 Metaspace       used 78130K, committed 79552K, reserved 1179648K
  class space    used 8221K, committed 8832K, reserved 1048576K
}
Event: 76.822 GC heap after
{Heap after GC invocations=424 (full 19):
 PSYoungGen      total 9216K, used 2448K [0x00000000eab00000, 0x00000000eb700000, 0x0000000100000000)
  eden space 6144K, 0% used [0x00000000eab00000,0x00000000eab00000,0x00000000eb100000)
  from space 3072K, 79% used [0x00000000eb400000,0x00000000eb664000,0x00000000eb700000)
  to   space 3072K, 0% used [0x00000000eb100000,0x00000000eb100000,0x00000000eb400000)
 ParOldGen       total 441856K, used 420025K [0x00000000c0000000, 0x00000000daf80000, 0x00000000eab00000)
  object space 441856K, 95% used [0x00000000c0000000,0x00000000d9a2e7f8,0x00000000daf80000)
 Metaspace       used 78130K, committed 79552K, reserved 1179648K
  class space    used 8221K, committed 8832K, reserved 1048576K
}
Event: 77.966 GC heap before
{Heap before GC invocations=425 (full 19):
 PSYoungGen      total 9216K, used 8584K [0x00000000eab00000, 0x00000000eb700000, 0x0000000100000000)
  eden space 6144K, 99% used [0x00000000eab00000,0x00000000eb0fe3b8,0x00000000eb100000)
  from space 3072K, 79% used [0x00000000eb400000,0x00000000eb664000,0x00000000eb700000)
  to   space 3072K, 0% used [0x00000000eb100000,0x00000000eb100000,0x00000000eb400000)
 ParOldGen       total 441856K, used 420025K [0x00000000c0000000, 0x00000000daf80000, 0x00000000eab00000)
  object space 441856K, 95% used [0x00000000c0000000,0x00000000d9a2e7f8,0x00000000daf80000)
 Metaspace       used 78172K, committed 79616K, reserved 1179648K
  class space    used 8222K, committed 8832K, reserved 1048576K
}
Event: 77.969 GC heap after
{Heap after GC invocations=425 (full 19):
 PSYoungGen      total 9216K, used 1353K [0x00000000eab00000, 0x00000000eb600000, 0x0000000100000000)
  eden space 6144K, 0% used [0x00000000eab00000,0x00000000eab00000,0x00000000eb100000)
  from space 3072K, 44% used [0x00000000eb100000,0x00000000eb2524b8,0x00000000eb400000)
  to   space 2048K, 0% used [0x00000000eb400000,0x00000000eb400000,0x00000000eb600000)
 ParOldGen       total 441856K, used 422033K [0x00000000c0000000, 0x00000000daf80000, 0x00000000eab00000)
  object space 441856K, 95% used [0x00000000c0000000,0x00000000d9c247f8,0x00000000daf80000)
 Metaspace       used 78172K, committed 79616K, reserved 1179648K
  class space    used 8222K, committed 8832K, reserved 1048576K
}
Event: 79.344 GC heap before
{Heap before GC invocations=426 (full 19):
 PSYoungGen      total 9216K, used 7497K [0x00000000eab00000, 0x00000000eb600000, 0x0000000100000000)
  eden space 6144K, 100% used [0x00000000eab00000,0x00000000eb100000,0x00000000eb100000)
  from space 3072K, 44% used [0x00000000eb100000,0x00000000eb2524b8,0x00000000eb400000)
  to   space 2048K, 0% used [0x00000000eb400000,0x00000000eb400000,0x00000000eb600000)
 ParOldGen       total 441856K, used 422033K [0x00000000c0000000, 0x00000000daf80000, 0x00000000eab00000)
  object space 441856K, 95% used [0x00000000c0000000,0x00000000d9c247f8,0x00000000daf80000)
 Metaspace       used 78423K, committed 79808K, reserved 1179648K
  class space    used 8244K, committed 8832K, reserved 1048576K
}
Event: 79.345 GC heap after
{Heap after GC invocations=426 (full 19):
 PSYoungGen      total 7680K, used 1120K [0x00000000eab00000, 0x00000000eb580000, 0x0000000100000000)
  eden space 6144K, 0% used [0x00000000eab00000,0x00000000eab00000,0x00000000eb100000)
  from space 1536K, 72% used [0x00000000eb400000,0x00000000eb518040,0x00000000eb580000)
  to   space 1536K, 0% used [0x00000000eb280000,0x00000000eb280000,0x00000000eb400000)
 ParOldGen       total 441856K, used 422041K [0x00000000c0000000, 0x00000000daf80000, 0x00000000eab00000)
  object space 441856K, 95% used [0x00000000c0000000,0x00000000d9c267f8,0x00000000daf80000)
 Metaspace       used 78423K, committed 79808K, reserved 1179648K
  class space    used 8244K, committed 8832K, reserved 1048576K
}
Event: 80.690 GC heap before
{Heap before GC invocations=427 (full 19):
 PSYoungGen      total 7680K, used 7264K [0x00000000eab00000, 0x00000000eb580000, 0x0000000100000000)
  eden space 6144K, 99% used [0x00000000eab00000,0x00000000eb0fffc0,0x00000000eb100000)
  from space 1536K, 72% used [0x00000000eb400000,0x00000000eb518040,0x00000000eb580000)
  to   space 1536K, 0% used [0x00000000eb280000,0x00000000eb280000,0x00000000eb400000)
 ParOldGen       total 441856K, used 422041K [0x00000000c0000000, 0x00000000daf80000, 0x00000000eab00000)
  object space 441856K, 95% used [0x00000000c0000000,0x00000000d9c267f8,0x00000000daf80000)
 Metaspace       used 78687K, committed 80128K, reserved 1179648K
  class space    used 8288K, committed 8896K, reserved 1048576K
}
Event: 80.692 GC heap after
{Heap after GC invocations=427 (full 19):
 PSYoungGen      total 7680K, used 1440K [0x00000000eab00000, 0x00000000eb480000, 0x0000000100000000)
  eden space 6144K, 0% used [0x00000000eab00000,0x00000000eab00000,0x00000000eb100000)
  from space 1536K, 93% used [0x00000000eb280000,0x00000000eb3e8040,0x00000000eb400000)
  to   space 512K, 0% used [0x00000000eb400000,0x00000000eb400000,0x00000000eb480000)
 ParOldGen       total 441856K, used 422049K [0x00000000c0000000, 0x00000000daf80000, 0x00000000eab00000)
  object space 441856K, 95% used [0x00000000c0000000,0x00000000d9c287f8,0x00000000daf80000)
 Metaspace       used 78687K, committed 80128K, reserved 1179648K
  class space    used 8288K, committed 8896K, reserved 1048576K
}

