# JRE version: OpenJDK Runtime Environment Temurin-17.0.11+9 (17.0.11+9) (build 17.0.11+9)
# Java VM: OpenJDK 64-Bit Server VM Temurin-17.0.11+9 (17.0.11+9, mixed mode, tiered, compressed oops, compressed class ptrs, parallel gc, windows-amd64)
GC Precious Log:
 CPUs: 8 total, 8 available
 Memory: 16187M
 Large Page Support: Disabled
 NUMA Support: Disabled
 Compressed Oops: Enabled (32-bit)
 Alignments: Space 512K, Generation 512K, Heap 2M
 Heap Min Capacity: 100M
 Heap Initial Capacity: 100M
 Heap Max Capacity: 1G
 Pre-touch: Disabled
 Parallel Workers: 8
Heap:
 PSYoungGen      total 19968K, used 17547K [0x00000000eab00000, 0x00000000ec680000, 0x0000000100000000)
  eden space 13312K, 81% used [0x00000000eab00000,0x00000000eb5a5130,0x00000000eb800000)
  from space 6656K, 99% used [0x00000000ec000000,0x00000000ec67dbb0,0x00000000ec680000)
  to   space 8192K, 0% used [0x00000000eb800000,0x00000000eb800000,0x00000000ec000000)
 ParOldGen       total 310272K, used 277862K [0x00000000c0000000, 0x00000000d2f00000, 0x00000000eab00000)
  object space 310272K, 89% used [0x00000000c0000000,0x00000000d0f59800,0x00000000d2f00000)
 Metaspace       used 72871K, committed 74176K, reserved 1179648K
  class space    used 7656K, committed 8320K, reserved 1048576K
GC Heap History (20 events):
Event: 14.716 GC heap before
{Heap before GC invocations=235 (full 11):
 PSYoungGen      total 20992K, used 20617K [0x00000000eab00000, 0x00000000ecb80000, 0x0000000100000000)
  eden space 12800K, 100% used [0x00000000eab00000,0x00000000eb780000,0x00000000eb780000)
  from space 8192K, 95% used [0x00000000eb780000,0x00000000ebf224c0,0x00000000ebf80000)
  to   space 9728K, 0% used [0x00000000ec200000,0x00000000ec200000,0x00000000ecb80000)
 ParOldGen       total 269824K, used 246190K [0x00000000c0000000, 0x00000000d0780000, 0x00000000eab00000)
  object space 269824K, 91% used [0x00000000c0000000,0x00000000cf06b990,0x00000000d0780000)
 Metaspace       used 72871K, committed 74176K, reserved 1179648K
  class space    used 7656K, committed 8320K, reserved 1048576K
}
Event: 14.722 GC heap after
{Heap after GC invocations=235 (full 11):
 PSYoungGen      total 22016K, used 9718K [0x00000000eab00000, 0x00000000ece80000, 0x0000000100000000)
  eden space 12288K, 0% used [0x00000000eab00000,0x00000000eab00000,0x00000000eb700000)
  from space 9728K, 99% used [0x00000000ec200000,0x00000000ecb7d998,0x00000000ecb80000)
  to   space 11264K, 0% used [0x00000000eb700000,0x00000000eb700000,0x00000000ec200000)
 ParOldGen       total 269824K, used 247055K [0x00000000c0000000, 0x00000000d0780000, 0x00000000eab00000)
  object space 269824K, 91% used [0x00000000c0000000,0x00000000cf143da8,0x00000000d0780000)
 Metaspace       used 72871K, committed 74176K, reserved 1179648K
  class space    used 7656K, committed 8320K, reserved 1048576K
}
Event: 14.749 GC heap before
{Heap before GC invocations=236 (full 11):
 PSYoungGen      total 22016K, used 22006K [0x00000000eab00000, 0x00000000ece80000, 0x0000000100000000)
  eden space 12288K, 100% used [0x00000000eab00000,0x00000000eb700000,0x00000000eb700000)
  from space 9728K, 99% used [0x00000000ec200000,0x00000000ecb7d998,0x00000000ecb80000)
  to   space 11264K, 0% used [0x00000000eb700000,0x00000000eb700000,0x00000000ec200000)
 ParOldGen       total 269824K, used 247055K [0x00000000c0000000, 0x00000000d0780000, 0x00000000eab00000)
  object space 269824K, 91% used [0x00000000c0000000,0x00000000cf143da8,0x00000000d0780000)
 Metaspace       used 72871K, committed 74176K, reserved 1179648K
  class space    used 7656K, committed 8320K, reserved 1048576K
}
Event: 14.756 GC heap after
{Heap after GC invocations=236 (full 11):
 PSYoungGen      total 23552K, used 8735K [0x00000000eab00000, 0x00000000ecb80000, 0x0000000100000000)
  eden space 12288K, 0% used [0x00000000eab00000,0x00000000eab00000,0x00000000eb700000)
  from space 11264K, 77% used [0x00000000eb700000,0x00000000ebf87f68,0x00000000ec200000)
  to   space 9728K, 0% used [0x00000000ec200000,0x00000000ec200000,0x00000000ecb80000)
 ParOldGen       total 269824K, used 251459K [0x00000000c0000000, 0x00000000d0780000, 0x00000000eab00000)
  object space 269824K, 93% used [0x00000000c0000000,0x00000000cf590f18,0x00000000d0780000)
 Metaspace       used 72871K, committed 74176K, reserved 1179648K
  class space    used 7656K, committed 8320K, reserved 1048576K
}
Event: 14.786 GC heap before
{Heap before GC invocations=237 (full 11):
 PSYoungGen      total 23552K, used 21023K [0x00000000eab00000, 0x00000000ecb80000, 0x0000000100000000)
  eden space 12288K, 100% used [0x00000000eab00000,0x00000000eb700000,0x00000000eb700000)
  from space 11264K, 77% used [0x00000000eb700000,0x00000000ebf87f68,0x00000000ec200000)
  to   space 9728K, 0% used [0x00000000ec200000,0x00000000ec200000,0x00000000ecb80000)
 ParOldGen       total 269824K, used 251459K [0x00000000c0000000, 0x00000000d0780000, 0x00000000eab00000)
  object space 269824K, 93% used [0x00000000c0000000,0x00000000cf590f18,0x00000000d0780000)
 Metaspace       used 72871K, committed 74176K, reserved 1179648K
  class space    used 7656K, committed 8320K, reserved 1048576K
}
Event: 14.792 GC heap after
{Heap after GC invocations=237 (full 11):
 PSYoungGen      total 21504K, used 9720K [0x00000000eab00000, 0x00000000ecf80000, 0x0000000100000000)
  eden space 11776K, 0% used [0x00000000eab00000,0x00000000eab00000,0x00000000eb680000)
  from space 9728K, 99% used [0x00000000ec200000,0x00000000ecb7e3c0,0x00000000ecb80000)
  to   space 11776K, 0% used [0x00000000eb680000,0x00000000eb680000,0x00000000ec200000)
 ParOldGen       total 269824K, used 253031K [0x00000000c0000000, 0x00000000d0780000, 0x00000000eab00000)
  object space 269824K, 93% used [0x00000000c0000000,0x00000000cf719c28,0x00000000d0780000)
 Metaspace       used 72871K, committed 74176K, reserved 1179648K
  class space    used 7656K, committed 8320K, reserved 1048576K
}
Event: 14.818 GC heap before
{Heap before GC invocations=238 (full 11):
 PSYoungGen      total 21504K, used 21496K [0x00000000eab00000, 0x00000000ecf80000, 0x0000000100000000)
  eden space 11776K, 100% used [0x00000000eab00000,0x00000000eb680000,0x00000000eb680000)
  from space 9728K, 99% used [0x00000000ec200000,0x00000000ecb7e3c0,0x00000000ecb80000)
  to   space 11776K, 0% used [0x00000000eb680000,0x00000000eb680000,0x00000000ec200000)
 ParOldGen       total 269824K, used 253031K [0x00000000c0000000, 0x00000000d0780000, 0x00000000eab00000)
  object space 269824K, 93% used [0x00000000c0000000,0x00000000cf719c28,0x00000000d0780000)
 Metaspace       used 72871K, committed 74176K, reserved 1179648K
  class space    used 7656K, committed 8320K, reserved 1048576K
}
Event: 14.825 GC heap after
{Heap after GC invocations=238 (full 11):
 PSYoungGen      total 20992K, used 8713K [0x00000000eab00000, 0x00000000ecb00000, 0x0000000100000000)
  eden space 11776K, 0% used [0x00000000eab00000,0x00000000eab00000,0x00000000eb680000)
  from space 9216K, 94% used [0x00000000eb680000,0x00000000ebf025a0,0x00000000ebf80000)
  to   space 9728K, 0% used [0x00000000ec180000,0x00000000ec180000,0x00000000ecb00000)
 ParOldGen       total 269824K, used 257626K [0x00000000c0000000, 0x00000000d0780000, 0x00000000eab00000)
  object space 269824K, 95% used [0x00000000c0000000,0x00000000cfb96a50,0x00000000d0780000)
 Metaspace       used 72871K, committed 74176K, reserved 1179648K
  class space    used 7656K, committed 8320K, reserved 1048576K
}
Event: 14.837 GC heap before
{Heap before GC invocations=239 (full 11):
 PSYoungGen      total 20992K, used 20489K [0x00000000eab00000, 0x00000000ecb00000, 0x0000000100000000)
  eden space 11776K, 100% used [0x00000000eab00000,0x00000000eb680000,0x00000000eb680000)
  from space 9216K, 94% used [0x00000000eb680000,0x00000000ebf025a0,0x00000000ebf80000)
  to   space 9728K, 0% used [0x00000000ec180000,0x00000000ec180000,0x00000000ecb00000)
 ParOldGen       total 269824K, used 257626K [0x00000000c0000000, 0x00000000d0780000, 0x00000000eab00000)
  object space 269824K, 95% used [0x00000000c0000000,0x00000000cfb96a50,0x00000000d0780000)
 Metaspace       used 72871K, committed 74176K, reserved 1179648K
  class space    used 7656K, committed 8320K, reserved 1048576K
}
Event: 14.842 GC heap after
{Heap after GC invocations=239 (full 11):
 PSYoungGen      total 19968K, used 9706K [0x00000000eab00000, 0x00000000ed100000, 0x0000000100000000)
  eden space 10240K, 0% used [0x00000000eab00000,0x00000000eab00000,0x00000000eb500000)
  from space 9728K, 99% used [0x00000000ec180000,0x00000000ecafa9a0,0x00000000ecb00000)
  to   space 12800K, 0% used [0x00000000eb500000,0x00000000eb500000,0x00000000ec180000)
 ParOldGen       total 269824K, used 259948K [0x00000000c0000000, 0x00000000d0780000, 0x00000000eab00000)
  object space 269824K, 96% used [0x00000000c0000000,0x00000000cfddb138,0x00000000d0780000)
 Metaspace       used 72871K, committed 74176K, reserved 1179648K
  class space    used 7656K, committed 8320K, reserved 1048576K
}
Event: 14.855 GC heap before
{Heap before GC invocations=240 (full 11):
 PSYoungGen      total 19968K, used 19910K [0x00000000eab00000, 0x00000000ed100000, 0x0000000100000000)
  eden space 10240K, 99% used [0x00000000eab00000,0x00000000eb4f6fa8,0x00000000eb500000)
  from space 9728K, 99% used [0x00000000ec180000,0x00000000ecafa9a0,0x00000000ecb00000)
  to   space 12800K, 0% used [0x00000000eb500000,0x00000000eb500000,0x00000000ec180000)
 ParOldGen       total 269824K, used 259948K [0x00000000c0000000, 0x00000000d0780000, 0x00000000eab00000)
  object space 269824K, 96% used [0x00000000c0000000,0x00000000cfddb138,0x00000000d0780000)
 Metaspace       used 72871K, committed 74176K, reserved 1179648K
  class space    used 7656K, committed 8320K, reserved 1048576K
}
Event: 14.859 GC heap after
{Heap after GC invocations=240 (full 11):
 PSYoungGen      total 19456K, used 8927K [0x00000000eab00000, 0x00000000eca80000, 0x0000000100000000)
  eden space 10240K, 0% used [0x00000000eab00000,0x00000000eab00000,0x00000000eb500000)
  from space 9216K, 96% used [0x00000000eb500000,0x00000000ebdb7ce0,0x00000000ebe00000)
  to   space 10240K, 0% used [0x00000000ec080000,0x00000000ec080000,0x00000000eca80000)
 ParOldGen       total 269824K, used 264412K [0x00000000c0000000, 0x00000000d0780000, 0x00000000eab00000)
  object space 269824K, 97% used [0x00000000c0000000,0x00000000d0237118,0x00000000d0780000)
 Metaspace       used 72871K, committed 74176K, reserved 1179648K
  class space    used 7656K, committed 8320K, reserved 1048576K
}
Event: 14.868 GC heap before
{Heap before GC invocations=241 (full 11):
 PSYoungGen      total 19456K, used 19152K [0x00000000eab00000, 0x00000000eca80000, 0x0000000100000000)
  eden space 10240K, 99% used [0x00000000eab00000,0x00000000eb4fc550,0x00000000eb500000)
  from space 9216K, 96% used [0x00000000eb500000,0x00000000ebdb7ce0,0x00000000ebe00000)
  to   space 10240K, 0% used [0x00000000ec080000,0x00000000ec080000,0x00000000eca80000)
 ParOldGen       total 269824K, used 264412K [0x00000000c0000000, 0x00000000d0780000, 0x00000000eab00000)
  object space 269824K, 97% used [0x00000000c0000000,0x00000000d0237118,0x00000000d0780000)
 Metaspace       used 72871K, committed 74176K, reserved 1179648K
  class space    used 7656K, committed 8320K, reserved 1048576K
}
Event: 14.873 GC heap after
{Heap after GC invocations=241 (full 11):
 PSYoungGen      total 19456K, used 7346K [0x00000000eab00000, 0x00000000ec800000, 0x0000000100000000)
  eden space 11776K, 0% used [0x00000000eab00000,0x00000000eab00000,0x00000000eb680000)
  from space 7680K, 95% used [0x00000000ec080000,0x00000000ec7acb30,0x00000000ec800000)
  to   space 8192K, 0% used [0x00000000eb800000,0x00000000eb800000,0x00000000ec000000)
 ParOldGen       total 269824K, used 269646K [0x00000000c0000000, 0x00000000d0780000, 0x00000000eab00000)
  object space 269824K, 99% used [0x00000000c0000000,0x00000000d07539d8,0x00000000d0780000)
 Metaspace       used 72871K, committed 74176K, reserved 1179648K
  class space    used 7656K, committed 8320K, reserved 1048576K
}
Event: 14.873 GC heap before
{Heap before GC invocations=242 (full 12):
 PSYoungGen      total 19456K, used 7346K [0x00000000eab00000, 0x00000000ec800000, 0x0000000100000000)
  eden space 11776K, 0% used [0x00000000eab00000,0x00000000eab00000,0x00000000eb680000)
  from space 7680K, 95% used [0x00000000ec080000,0x00000000ec7acb30,0x00000000ec800000)
  to   space 8192K, 0% used [0x00000000eb800000,0x00000000eb800000,0x00000000ec000000)
 ParOldGen       total 269824K, used 269646K [0x00000000c0000000, 0x00000000d0780000, 0x00000000eab00000)
  object space 269824K, 99% used [0x00000000c0000000,0x00000000d07539d8,0x00000000d0780000)
 Metaspace       used 72871K, committed 74176K, reserved 1179648K
  class space    used 7656K, committed 8320K, reserved 1048576K
}
Event: 15.108 GC heap after
{Heap after GC invocations=242 (full 12):
 PSYoungGen      total 20992K, used 4535K [0x00000000eab00000, 0x00000000ec800000, 0x0000000100000000)
  eden space 13312K, 0% used [0x00000000eab00000,0x00000000eab00000,0x00000000eb800000)
  from space 7680K, 59% used [0x00000000ec080000,0x00000000ec4edf60,0x00000000ec800000)
  to   space 8192K, 0% used [0x00000000eb800000,0x00000000eb800000,0x00000000ec000000)
 ParOldGen       total 310272K, used 269398K [0x00000000c0000000, 0x00000000d2f00000, 0x00000000eab00000)
  object space 310272K, 86% used [0x00000000c0000000,0x00000000d07159e0,0x00000000d2f00000)
 Metaspace       used 72871K, committed 74176K, reserved 1179648K
  class space    used 7656K, committed 8320K, reserved 1048576K
}
Event: 15.122 GC heap before
{Heap before GC invocations=243 (full 12):
 PSYoungGen      total 20992K, used 17847K [0x00000000eab00000, 0x00000000ec800000, 0x0000000100000000)
  eden space 13312K, 100% used [0x00000000eab00000,0x00000000eb800000,0x00000000eb800000)
  from space 7680K, 59% used [0x00000000ec080000,0x00000000ec4edf60,0x00000000ec800000)
  to   space 8192K, 0% used [0x00000000eb800000,0x00000000eb800000,0x00000000ec000000)
 ParOldGen       total 310272K, used 269398K [0x00000000c0000000, 0x00000000d2f00000, 0x00000000eab00000)
  object space 310272K, 86% used [0x00000000c0000000,0x00000000d07159e0,0x00000000d2f00000)
 Metaspace       used 72871K, committed 74176K, reserved 1179648K
  class space    used 7656K, committed 8320K, reserved 1048576K
}
Event: 15.139 GC heap after
{Heap after GC invocations=243 (full 12):
 PSYoungGen      total 21504K, used 5283K [0x00000000eab00000, 0x00000000ec680000, 0x0000000100000000)
  eden space 13312K, 0% used [0x00000000eab00000,0x00000000eab00000,0x00000000eb800000)
  from space 8192K, 64% used [0x00000000eb800000,0x00000000ebd28f58,0x00000000ec000000)
  to   space 6656K, 0% used [0x00000000ec000000,0x00000000ec000000,0x00000000ec680000)
 ParOldGen       total 310272K, used 274010K [0x00000000c0000000, 0x00000000d2f00000, 0x00000000eab00000)
  object space 310272K, 88% used [0x00000000c0000000,0x00000000d0b96bb8,0x00000000d2f00000)
 Metaspace       used 72871K, committed 74176K, reserved 1179648K
  class space    used 7656K, committed 8320K, reserved 1048576K
}
Event: 15.151 GC heap before
{Heap before GC invocations=244 (full 12):
 PSYoungGen      total 21504K, used 18595K [0x00000000eab00000, 0x00000000ec680000, 0x0000000100000000)
  eden space 13312K, 100% used [0x00000000eab00000,0x00000000eb800000,0x00000000eb800000)
  from space 8192K, 64% used [0x00000000eb800000,0x00000000ebd28f58,0x00000000ec000000)
  to   space 6656K, 0% used [0x00000000ec000000,0x00000000ec000000,0x00000000ec680000)
 ParOldGen       total 310272K, used 274010K [0x00000000c0000000, 0x00000000d2f00000, 0x00000000eab00000)
  object space 310272K, 88% used [0x00000000c0000000,0x00000000d0b96bb8,0x00000000d2f00000)
 Metaspace       used 72871K, committed 74176K, reserved 1179648K
  class space    used 7656K, committed 8320K, reserved 1048576K
}
Event: 15.156 GC heap after
{Heap after GC invocations=244 (full 12):
 PSYoungGen      total 19968K, used 6646K [0x00000000eab00000, 0x00000000ec680000, 0x0000000100000000)
  eden space 13312K, 0% used [0x00000000eab00000,0x00000000eab00000,0x00000000eb800000)
  from space 6656K, 99% used [0x00000000ec000000,0x00000000ec67dbb0,0x00000000ec680000)
  to   space 8192K, 0% used [0x00000000eb800000,0x00000000eb800000,0x00000000ec000000)
 ParOldGen       total 310272K, used 277862K [0x00000000c0000000, 0x00000000d2f00000, 0x00000000eab00000)
  object space 310272K, 89% used [0x00000000c0000000,0x00000000d0f59800,0x00000000d2f00000)
 Metaspace       used 72871K, committed 74176K, reserved 1179648K
  class space    used 7656K, committed 8320K, reserved 1048576K
}

