# JRE version: OpenJDK Runtime Environment Temurin-17.0.11+9 (17.0.11+9) (build 17.0.11+9)
# Java VM: OpenJDK 64-Bit Server VM Temurin-17.0.11+9 (17.0.11+9, mixed mode, tiered, compressed oops, compressed class ptrs, parallel gc, windows-amd64)
GC Precious Log:
 CPUs: 8 total, 8 available
 Memory: 16187M
 Large Page Support: Disabled
 NUMA Support: Disabled
 Compressed Oops: Enabled (32-bit)
 Alignments: Space 512K, Generation 512K, Heap 2M
 Heap Min Capacity: 100M
 Heap Initial Capacity: 100M
 Heap Max Capacity: 1G
 Pre-touch: Disabled
 Parallel Workers: 8
Heap:
 PSYoungGen      total 66560K, used 62994K [0x00000000eab00000, 0x00000000efc80000, 0x0000000100000000)
  eden space 51200K, 93% used [0x00000000eab00000,0x00000000ed986e38,0x00000000edd00000)
  from space 15360K, 99% used [0x00000000edd00000,0x00000000eebfe720,0x00000000eec00000)
  to   space 12288K, 0% used [0x00000000ef080000,0x00000000ef080000,0x00000000efc80000)
 ParOldGen       total 699392K, used 408431K [0x00000000c0000000, 0x00000000eab00000, 0x00000000eab00000)
  object space 699392K, 58% used [0x00000000c0000000,0x00000000d8edbdf8,0x00000000eab00000)
 Metaspace       used 78088K, committed 79616K, reserved 1179648K
  class space    used 8278K, committed 8960K, reserved 1048576K
GC Heap History (20 events):
Event: 473.861 GC heap before
{Heap before GC invocations=461 (full 219):
 PSYoungGen      total 66560K, used 51200K [0x00000000eab00000, 0x00000000efc80000, 0x0000000100000000)
  eden space 51200K, 100% used [0x00000000eab00000,0x00000000edd00000,0x00000000edd00000)
  from space 15360K, 0% used [0x00000000edd00000,0x00000000edd00000,0x00000000eec00000)
  to   space 12288K, 0% used [0x00000000ef080000,0x00000000ef080000,0x00000000efc80000)
 ParOldGen       total 371200K, used 370739K [0x00000000c0000000, 0x00000000d6a80000, 0x00000000eab00000)
  object space 371200K, 99% used [0x00000000c0000000,0x00000000d6a0cfd0,0x00000000d6a80000)
 Metaspace       used 77988K, committed 79552K, reserved 1179648K
  class space    used 8262K, committed 8960K, reserved 1048576K
}
Event: 473.977 GC heap after
{Heap after GC invocations=461 (full 219):
 PSYoungGen      total 63488K, used 51199K [0x00000000eab00000, 0x00000000efc80000, 0x0000000100000000)
  eden space 51200K, 99% used [0x00000000eab00000,0x00000000edcfffc0,0x00000000edd00000)
  from space 12288K, 0% used [0x00000000ef080000,0x00000000ef080000,0x00000000efc80000)
  to   space 15360K, 0% used [0x00000000edd00000,0x00000000edd00000,0x00000000eec00000)
 ParOldGen       total 371200K, used 370737K [0x00000000c0000000, 0x00000000d6a80000, 0x00000000eab00000)
  object space 371200K, 99% used [0x00000000c0000000,0x00000000d6a0c628,0x00000000d6a80000)
 Metaspace       used 77988K, committed 79552K, reserved 1179648K
  class space    used 8262K, committed 8960K, reserved 1048576K
}
Event: 473.977 GC heap before
{Heap before GC invocations=462 (full 220):
 PSYoungGen      total 63488K, used 51199K [0x00000000eab00000, 0x00000000efc80000, 0x0000000100000000)
  eden space 51200K, 99% used [0x00000000eab00000,0x00000000edcfffd8,0x00000000edd00000)
  from space 12288K, 0% used [0x00000000ef080000,0x00000000ef080000,0x00000000efc80000)
  to   space 15360K, 0% used [0x00000000edd00000,0x00000000edd00000,0x00000000eec00000)
 ParOldGen       total 371200K, used 370737K [0x00000000c0000000, 0x00000000d6a80000, 0x00000000eab00000)
  object space 371200K, 99% used [0x00000000c0000000,0x00000000d6a0c628,0x00000000d6a80000)
 Metaspace       used 77988K, committed 79552K, reserved 1179648K
  class space    used 8262K, committed 8960K, reserved 1048576K
}
Event: 474.091 GC heap after
{Heap after GC invocations=462 (full 220):
 PSYoungGen      total 66560K, used 51199K [0x00000000eab00000, 0x00000000efc80000, 0x0000000100000000)
  eden space 51200K, 99% used [0x00000000eab00000,0x00000000edcfffd8,0x00000000edd00000)
  from space 15360K, 0% used [0x00000000edd00000,0x00000000edd00000,0x00000000eec00000)
  to   space 12288K, 0% used [0x00000000ef080000,0x00000000ef080000,0x00000000efc80000)
 ParOldGen       total 371200K, used 370737K [0x00000000c0000000, 0x00000000d6a80000, 0x00000000eab00000)
  object space 371200K, 99% used [0x00000000c0000000,0x00000000d6a0c608,0x00000000d6a80000)
 Metaspace       used 77988K, committed 79552K, reserved 1179648K
  class space    used 8262K, committed 8960K, reserved 1048576K
}
Event: 474.091 GC heap before
{Heap before GC invocations=463 (full 221):
 PSYoungGen      total 66560K, used 51200K [0x00000000eab00000, 0x00000000efc80000, 0x0000000100000000)
  eden space 51200K, 100% used [0x00000000eab00000,0x00000000edd00000,0x00000000edd00000)
  from space 15360K, 0% used [0x00000000edd00000,0x00000000edd00000,0x00000000eec00000)
  to   space 12288K, 0% used [0x00000000ef080000,0x00000000ef080000,0x00000000efc80000)
 ParOldGen       total 371200K, used 370740K [0x00000000c0000000, 0x00000000d6a80000, 0x00000000eab00000)
  object space 371200K, 99% used [0x00000000c0000000,0x00000000d6a0d250,0x00000000d6a80000)
 Metaspace       used 77988K, committed 79552K, reserved 1179648K
  class space    used 8262K, committed 8960K, reserved 1048576K
}
Event: 474.248 GC heap after
{Heap after GC invocations=463 (full 221):
 PSYoungGen      total 63488K, used 51199K [0x00000000eab00000, 0x00000000efc80000, 0x0000000100000000)
  eden space 51200K, 99% used [0x00000000eab00000,0x00000000edcfffb8,0x00000000edd00000)
  from space 12288K, 0% used [0x00000000ef080000,0x00000000ef080000,0x00000000efc80000)
  to   space 15360K, 0% used [0x00000000edd00000,0x00000000edd00000,0x00000000eec00000)
 ParOldGen       total 371200K, used 370736K [0x00000000c0000000, 0x00000000d6a80000, 0x00000000eab00000)
  object space 371200K, 99% used [0x00000000c0000000,0x00000000d6a0c150,0x00000000d6a80000)
 Metaspace       used 77988K, committed 79552K, reserved 1179648K
  class space    used 8262K, committed 8960K, reserved 1048576K
}
Event: 474.248 GC heap before
{Heap before GC invocations=464 (full 222):
 PSYoungGen      total 63488K, used 51199K [0x00000000eab00000, 0x00000000efc80000, 0x0000000100000000)
  eden space 51200K, 99% used [0x00000000eab00000,0x00000000edcffff0,0x00000000edd00000)
  from space 12288K, 0% used [0x00000000ef080000,0x00000000ef080000,0x00000000efc80000)
  to   space 15360K, 0% used [0x00000000edd00000,0x00000000edd00000,0x00000000eec00000)
 ParOldGen       total 371200K, used 370736K [0x00000000c0000000, 0x00000000d6a80000, 0x00000000eab00000)
  object space 371200K, 99% used [0x00000000c0000000,0x00000000d6a0c150,0x00000000d6a80000)
 Metaspace       used 77989K, committed 79552K, reserved 1179648K
  class space    used 8262K, committed 8960K, reserved 1048576K
}
Event: 474.363 GC heap after
{Heap after GC invocations=464 (full 222):
 PSYoungGen      total 66560K, used 51199K [0x00000000eab00000, 0x00000000efc80000, 0x0000000100000000)
  eden space 51200K, 99% used [0x00000000eab00000,0x00000000edcffff0,0x00000000edd00000)
  from space 15360K, 0% used [0x00000000edd00000,0x00000000edd00000,0x00000000eec00000)
  to   space 12288K, 0% used [0x00000000ef080000,0x00000000ef080000,0x00000000efc80000)
 ParOldGen       total 371200K, used 370736K [0x00000000c0000000, 0x00000000d6a80000, 0x00000000eab00000)
  object space 371200K, 99% used [0x00000000c0000000,0x00000000d6a0c150,0x00000000d6a80000)
 Metaspace       used 77989K, committed 79552K, reserved 1179648K
  class space    used 8262K, committed 8960K, reserved 1048576K
}
Event: 474.363 GC heap before
{Heap before GC invocations=465 (full 223):
 PSYoungGen      total 66560K, used 51200K [0x00000000eab00000, 0x00000000efc80000, 0x0000000100000000)
  eden space 51200K, 100% used [0x00000000eab00000,0x00000000edd00000,0x00000000edd00000)
  from space 15360K, 0% used [0x00000000edd00000,0x00000000edd00000,0x00000000eec00000)
  to   space 12288K, 0% used [0x00000000ef080000,0x00000000ef080000,0x00000000efc80000)
 ParOldGen       total 371200K, used 370738K [0x00000000c0000000, 0x00000000d6a80000, 0x00000000eab00000)
  object space 371200K, 99% used [0x00000000c0000000,0x00000000d6a0ca70,0x00000000d6a80000)
 Metaspace       used 77989K, committed 79552K, reserved 1179648K
  class space    used 8262K, committed 8960K, reserved 1048576K
}
Event: 474.479 GC heap after
{Heap after GC invocations=465 (full 223):
 PSYoungGen      total 63488K, used 51199K [0x00000000eab00000, 0x00000000efc80000, 0x0000000100000000)
  eden space 51200K, 99% used [0x00000000eab00000,0x00000000edcffff0,0x00000000edd00000)
  from space 12288K, 0% used [0x00000000ef080000,0x00000000ef080000,0x00000000efc80000)
  to   space 15360K, 0% used [0x00000000edd00000,0x00000000edd00000,0x00000000eec00000)
 ParOldGen       total 371200K, used 370737K [0x00000000c0000000, 0x00000000d6a80000, 0x00000000eab00000)
  object space 371200K, 99% used [0x00000000c0000000,0x00000000d6a0c4d0,0x00000000d6a80000)
 Metaspace       used 77989K, committed 79552K, reserved 1179648K
  class space    used 8262K, committed 8960K, reserved 1048576K
}
Event: 474.479 GC heap before
{Heap before GC invocations=466 (full 224):
 PSYoungGen      total 63488K, used 51200K [0x00000000eab00000, 0x00000000efc80000, 0x0000000100000000)
  eden space 51200K, 100% used [0x00000000eab00000,0x00000000edd00000,0x00000000edd00000)
  from space 12288K, 0% used [0x00000000ef080000,0x00000000ef080000,0x00000000efc80000)
  to   space 15360K, 0% used [0x00000000edd00000,0x00000000edd00000,0x00000000eec00000)
 ParOldGen       total 371200K, used 370742K [0x00000000c0000000, 0x00000000d6a80000, 0x00000000eab00000)
  object space 371200K, 99% used [0x00000000c0000000,0x00000000d6a0d808,0x00000000d6a80000)
 Metaspace       used 77989K, committed 79552K, reserved 1179648K
  class space    used 8262K, committed 8960K, reserved 1048576K
}
Event: 474.630 GC heap after
{Heap after GC invocations=466 (full 224):
 PSYoungGen      total 66560K, used 51199K [0x00000000eab00000, 0x00000000efc80000, 0x0000000100000000)
  eden space 51200K, 99% used [0x00000000eab00000,0x00000000edcfffd8,0x00000000edd00000)
  from space 15360K, 0% used [0x00000000edd00000,0x00000000edd00000,0x00000000eec00000)
  to   space 12288K, 0% used [0x00000000ef080000,0x00000000ef080000,0x00000000efc80000)
 ParOldGen       total 371200K, used 370737K [0x00000000c0000000, 0x00000000d6a80000, 0x00000000eab00000)
  object space 371200K, 99% used [0x00000000c0000000,0x00000000d6a0c7e0,0x00000000d6a80000)
 Metaspace       used 77989K, committed 79552K, reserved 1179648K
  class space    used 8262K, committed 8960K, reserved 1048576K
}
Event: 474.631 GC heap before
{Heap before GC invocations=467 (full 225):
 PSYoungGen      total 66560K, used 51200K [0x00000000eab00000, 0x00000000efc80000, 0x0000000100000000)
  eden space 51200K, 100% used [0x00000000eab00000,0x00000000edd00000,0x00000000edd00000)
  from space 15360K, 0% used [0x00000000edd00000,0x00000000edd00000,0x00000000eec00000)
  to   space 12288K, 0% used [0x00000000ef080000,0x00000000ef080000,0x00000000efc80000)
 ParOldGen       total 371200K, used 370741K [0x00000000c0000000, 0x00000000d6a80000, 0x00000000eab00000)
  object space 371200K, 99% used [0x00000000c0000000,0x00000000d6a0d798,0x00000000d6a80000)
 Metaspace       used 77989K, committed 79552K, reserved 1179648K
  class space    used 8262K, committed 8960K, reserved 1048576K
}
Event: 474.783 GC heap after
{Heap after GC invocations=467 (full 225):
 PSYoungGen      total 63488K, used 51199K [0x00000000eab00000, 0x00000000efc80000, 0x0000000100000000)
  eden space 51200K, 99% used [0x00000000eab00000,0x00000000edcfff88,0x00000000edd00000)
  from space 12288K, 0% used [0x00000000ef080000,0x00000000ef080000,0x00000000efc80000)
  to   space 15360K, 0% used [0x00000000edd00000,0x00000000edd00000,0x00000000eec00000)
 ParOldGen       total 371200K, used 370737K [0x00000000c0000000, 0x00000000d6a80000, 0x00000000eab00000)
  object space 371200K, 99% used [0x00000000c0000000,0x00000000d6a0c638,0x00000000d6a80000)
 Metaspace       used 77989K, committed 79552K, reserved 1179648K
  class space    used 8262K, committed 8960K, reserved 1048576K
}
Event: 474.783 GC heap before
{Heap before GC invocations=468 (full 226):
 PSYoungGen      total 63488K, used 51200K [0x00000000eab00000, 0x00000000efc80000, 0x0000000100000000)
  eden space 51200K, 100% used [0x00000000eab00000,0x00000000edd00000,0x00000000edd00000)
  from space 12288K, 0% used [0x00000000ef080000,0x00000000ef080000,0x00000000efc80000)
  to   space 15360K, 0% used [0x00000000edd00000,0x00000000edd00000,0x00000000eec00000)
 ParOldGen       total 371200K, used 370737K [0x00000000c0000000, 0x00000000d6a80000, 0x00000000eab00000)
  object space 371200K, 99% used [0x00000000c0000000,0x00000000d6a0c638,0x00000000d6a80000)
 Metaspace       used 77989K, committed 79552K, reserved 1179648K
  class space    used 8262K, committed 8960K, reserved 1048576K
}
Event: 474.938 GC heap after
{Heap after GC invocations=468 (full 226):
 PSYoungGen      total 66560K, used 51199K [0x00000000eab00000, 0x00000000efc80000, 0x0000000100000000)
  eden space 51200K, 99% used [0x00000000eab00000,0x00000000edcfffe0,0x00000000edd00000)
  from space 15360K, 0% used [0x00000000edd00000,0x00000000edd00000,0x00000000eec00000)
  to   space 12288K, 0% used [0x00000000ef080000,0x00000000ef080000,0x00000000efc80000)
 ParOldGen       total 371200K, used 370737K [0x00000000c0000000, 0x00000000d6a80000, 0x00000000eab00000)
  object space 371200K, 99% used [0x00000000c0000000,0x00000000d6a0c578,0x00000000d6a80000)
 Metaspace       used 77989K, committed 79552K, reserved 1179648K
  class space    used 8262K, committed 8960K, reserved 1048576K
}
Event: 474.938 GC heap before
{Heap before GC invocations=469 (full 227):
 PSYoungGen      total 66560K, used 51200K [0x00000000eab00000, 0x00000000efc80000, 0x0000000100000000)
  eden space 51200K, 100% used [0x00000000eab00000,0x00000000edd00000,0x00000000edd00000)
  from space 15360K, 0% used [0x00000000edd00000,0x00000000edd00000,0x00000000eec00000)
  to   space 12288K, 0% used [0x00000000ef080000,0x00000000ef080000,0x00000000efc80000)
 ParOldGen       total 371200K, used 370740K [0x00000000c0000000, 0x00000000d6a80000, 0x00000000eab00000)
  object space 371200K, 99% used [0x00000000c0000000,0x00000000d6a0d078,0x00000000d6a80000)
 Metaspace       used 77989K, committed 79552K, reserved 1179648K
  class space    used 8262K, committed 8960K, reserved 1048576K
}
Event: 475.084 GC heap after
{Heap after GC invocations=469 (full 227):
 PSYoungGen      total 63488K, used 51199K [0x00000000eab00000, 0x00000000efc80000, 0x0000000100000000)
  eden space 51200K, 99% used [0x00000000eab00000,0x00000000edcfffe8,0x00000000edd00000)
  from space 12288K, 0% used [0x00000000ef080000,0x00000000ef080000,0x00000000efc80000)
  to   space 15360K, 0% used [0x00000000edd00000,0x00000000edd00000,0x00000000eec00000)
 ParOldGen       total 699392K, used 370738K [0x00000000c0000000, 0x00000000eab00000, 0x00000000eab00000)
  object space 699392K, 53% used [0x00000000c0000000,0x00000000d6a0c998,0x00000000eab00000)
 Metaspace       used 77989K, committed 79552K, reserved 1179648K
  class space    used 8262K, committed 8960K, reserved 1048576K
}
Event: 475.084 GC heap before
{Heap before GC invocations=470 (full 227):
 PSYoungGen      total 63488K, used 51200K [0x00000000eab00000, 0x00000000efc80000, 0x0000000100000000)
  eden space 51200K, 100% used [0x00000000eab00000,0x00000000edd00000,0x00000000edd00000)
  from space 12288K, 0% used [0x00000000ef080000,0x00000000ef080000,0x00000000efc80000)
  to   space 15360K, 0% used [0x00000000edd00000,0x00000000edd00000,0x00000000eec00000)
 ParOldGen       total 699392K, used 370741K [0x00000000c0000000, 0x00000000eab00000, 0x00000000eab00000)
  object space 699392K, 53% used [0x00000000c0000000,0x00000000d6a0d408,0x00000000eab00000)
 Metaspace       used 77989K, committed 79552K, reserved 1179648K
  class space    used 8262K, committed 8960K, reserved 1048576K
}
Event: 475.116 GC heap after
{Heap after GC invocations=470 (full 227):
 PSYoungGen      total 66560K, used 15353K [0x00000000eab00000, 0x00000000efc80000, 0x0000000100000000)
  eden space 51200K, 0% used [0x00000000eab00000,0x00000000eab00000,0x00000000edd00000)
  from space 15360K, 99% used [0x00000000edd00000,0x00000000eebfe720,0x00000000eec00000)
  to   space 12288K, 0% used [0x00000000ef080000,0x00000000ef080000,0x00000000efc80000)
 ParOldGen       total 699392K, used 408431K [0x00000000c0000000, 0x00000000eab00000, 0x00000000eab00000)
  object space 699392K, 58% used [0x00000000c0000000,0x00000000d8edbdf8,0x00000000eab00000)
 Metaspace       used 77989K, committed 79552K, reserved 1179648K
  class space    used 8262K, committed 8960K, reserved 1048576K
}

