# JRE version: OpenJDK Runtime Environment Temurin-17.0.11+9 (17.0.11+9) (build 17.0.11+9)
# Java VM: OpenJDK 64-Bit Server VM Temurin-17.0.11+9 (17.0.11+9, mixed mode, tiered, compressed oops, compressed class ptrs, parallel gc, windows-amd64)
GC Precious Log:
 CPUs: 8 total, 8 available
 Memory: 16187M
 Large Page Support: Disabled
 NUMA Support: Disabled
 Compressed Oops: Enabled (32-bit)
 Alignments: Space 512K, Generation 512K, Heap 2M
 Heap Min Capacity: 100M
 Heap Initial Capacity: 100M
 Heap Max Capacity: 1G
 Pre-touch: Disabled
 Parallel Workers: 8
Heap:
 PSYoungGen      total 68608K, used 16109K [0x00000000eab00000, 0x00000000f0900000, 0x0000000100000000)
  eden space 49152K, 7% used [0x00000000eab00000,0x00000000eaeb8c20,0x00000000edb00000)
  from space 19456K, 63% used [0x00000000ef600000,0x00000000f02028b0,0x00000000f0900000)
  to   space 23552K, 0% used [0x00000000edb00000,0x00000000edb00000,0x00000000ef200000)
 ParOldGen       total 567808K, used 472095K [0x00000000c0000000, 0x00000000e2a80000, 0x00000000eab00000)
  object space 567808K, 83% used [0x00000000c0000000,0x00000000dcd07e58,0x00000000e2a80000)
 Metaspace       used 74015K, committed 75392K, reserved 1179648K
  class space    used 7732K, committed 8320K, reserved 1048576K
GC Heap History (20 events):
Event: 35.033 GC heap before
{Heap before GC invocations=238 (full 15):
 PSYoungGen      total 37376K, used 37356K [0x00000000eab00000, 0x00000000ee600000, 0x0000000100000000)
  eden space 27648K, 100% used [0x00000000eab00000,0x00000000ec600000,0x00000000ec600000)
  from space 9728K, 99% used [0x00000000ec600000,0x00000000ecf7b2e0,0x00000000ecf80000)
  to   space 15872K, 0% used [0x00000000ed680000,0x00000000ed680000,0x00000000ee600000)
 ParOldGen       total 472576K, used 403606K [0x00000000c0000000, 0x00000000dcd80000, 0x00000000eab00000)
  object space 472576K, 85% used [0x00000000c0000000,0x00000000d8a25af8,0x00000000dcd80000)
 Metaspace       used 73982K, committed 75392K, reserved 1179648K
  class space    used 7731K, committed 8320K, reserved 1048576K
}
Event: 35.039 GC heap after
{Heap after GC invocations=238 (full 15):
 PSYoungGen      total 39936K, used 9710K [0x00000000eab00000, 0x00000000ee000000, 0x0000000100000000)
  eden space 30208K, 0% used [0x00000000eab00000,0x00000000eab00000,0x00000000ec880000)
  from space 9728K, 99% used [0x00000000ed680000,0x00000000edffb9a8,0x00000000ee000000)
  to   space 11776K, 0% used [0x00000000ec900000,0x00000000ec900000,0x00000000ed480000)
 ParOldGen       total 472576K, used 409339K [0x00000000c0000000, 0x00000000dcd80000, 0x00000000eab00000)
  object space 472576K, 86% used [0x00000000c0000000,0x00000000d8fbec70,0x00000000dcd80000)
 Metaspace       used 73982K, committed 75392K, reserved 1179648K
  class space    used 7731K, committed 8320K, reserved 1048576K
}
Event: 35.177 GC heap before
{Heap before GC invocations=239 (full 15):
 PSYoungGen      total 39936K, used 39918K [0x00000000eab00000, 0x00000000ee000000, 0x0000000100000000)
  eden space 30208K, 100% used [0x00000000eab00000,0x00000000ec880000,0x00000000ec880000)
  from space 9728K, 99% used [0x00000000ed680000,0x00000000edffb9a8,0x00000000ee000000)
  to   space 11776K, 0% used [0x00000000ec900000,0x00000000ec900000,0x00000000ed480000)
 ParOldGen       total 472576K, used 409339K [0x00000000c0000000, 0x00000000dcd80000, 0x00000000eab00000)
  object space 472576K, 86% used [0x00000000c0000000,0x00000000d8fbec70,0x00000000dcd80000)
 Metaspace       used 73984K, committed 75392K, reserved 1179648K
  class space    used 7731K, committed 8320K, reserved 1048576K
}
Event: 35.186 GC heap after
{Heap after GC invocations=239 (full 15):
 PSYoungGen      total 42496K, used 11770K [0x00000000eab00000, 0x00000000eed00000, 0x0000000100000000)
  eden space 30720K, 0% used [0x00000000eab00000,0x00000000eab00000,0x00000000ec900000)
  from space 11776K, 99% used [0x00000000ec900000,0x00000000ed47ea58,0x00000000ed480000)
  to   space 17408K, 0% used [0x00000000edc00000,0x00000000edc00000,0x00000000eed00000)
 ParOldGen       total 472576K, used 413655K [0x00000000c0000000, 0x00000000dcd80000, 0x00000000eab00000)
  object space 472576K, 87% used [0x00000000c0000000,0x00000000d93f5ea0,0x00000000dcd80000)
 Metaspace       used 73984K, committed 75392K, reserved 1179648K
  class space    used 7731K, committed 8320K, reserved 1048576K
}
Event: 35.298 GC heap before
{Heap before GC invocations=240 (full 15):
 PSYoungGen      total 42496K, used 42490K [0x00000000eab00000, 0x00000000eed00000, 0x0000000100000000)
  eden space 30720K, 100% used [0x00000000eab00000,0x00000000ec900000,0x00000000ec900000)
  from space 11776K, 99% used [0x00000000ec900000,0x00000000ed47ea58,0x00000000ed480000)
  to   space 17408K, 0% used [0x00000000edc00000,0x00000000edc00000,0x00000000eed00000)
 ParOldGen       total 472576K, used 413655K [0x00000000c0000000, 0x00000000dcd80000, 0x00000000eab00000)
  object space 472576K, 87% used [0x00000000c0000000,0x00000000d93f5ea0,0x00000000dcd80000)
 Metaspace       used 73984K, committed 75392K, reserved 1179648K
  class space    used 7731K, committed 8320K, reserved 1048576K
}
Event: 35.306 GC heap after
{Heap after GC invocations=240 (full 15):
 PSYoungGen      total 45056K, used 11746K [0x00000000eab00000, 0x00000000ee780000, 0x0000000100000000)
  eden space 33280K, 0% used [0x00000000eab00000,0x00000000eab00000,0x00000000ecb80000)
  from space 11776K, 99% used [0x00000000edc00000,0x00000000ee778a20,0x00000000ee780000)
  to   space 13312K, 0% used [0x00000000ecd80000,0x00000000ecd80000,0x00000000eda80000)
 ParOldGen       total 472576K, used 420330K [0x00000000c0000000, 0x00000000dcd80000, 0x00000000eab00000)
  object space 472576K, 88% used [0x00000000c0000000,0x00000000d9a7abc0,0x00000000dcd80000)
 Metaspace       used 73984K, committed 75392K, reserved 1179648K
  class space    used 7731K, committed 8320K, reserved 1048576K
}
Event: 35.561 GC heap before
{Heap before GC invocations=241 (full 15):
 PSYoungGen      total 45056K, used 45026K [0x00000000eab00000, 0x00000000ee780000, 0x0000000100000000)
  eden space 33280K, 100% used [0x00000000eab00000,0x00000000ecb80000,0x00000000ecb80000)
  from space 11776K, 99% used [0x00000000edc00000,0x00000000ee778a20,0x00000000ee780000)
  to   space 13312K, 0% used [0x00000000ecd80000,0x00000000ecd80000,0x00000000eda80000)
 ParOldGen       total 472576K, used 420330K [0x00000000c0000000, 0x00000000dcd80000, 0x00000000eab00000)
  object space 472576K, 88% used [0x00000000c0000000,0x00000000d9a7abc0,0x00000000dcd80000)
 Metaspace       used 73984K, committed 75392K, reserved 1179648K
  class space    used 7731K, committed 8320K, reserved 1048576K
}
Event: 35.569 GC heap after
{Heap after GC invocations=241 (full 15):
 PSYoungGen      total 48640K, used 13300K [0x00000000eab00000, 0x00000000ef480000, 0x0000000100000000)
  eden space 35328K, 0% used [0x00000000eab00000,0x00000000eab00000,0x00000000ecd80000)
  from space 13312K, 99% used [0x00000000ecd80000,0x00000000eda7d098,0x00000000eda80000)
  to   space 19968K, 0% used [0x00000000ee100000,0x00000000ee100000,0x00000000ef480000)
 ParOldGen       total 472576K, used 425447K [0x00000000c0000000, 0x00000000dcd80000, 0x00000000eab00000)
  object space 472576K, 90% used [0x00000000c0000000,0x00000000d9f79de0,0x00000000dcd80000)
 Metaspace       used 73984K, committed 75392K, reserved 1179648K
  class space    used 7731K, committed 8320K, reserved 1048576K
}
Event: 35.753 GC heap before
{Heap before GC invocations=242 (full 15):
 PSYoungGen      total 48640K, used 48628K [0x00000000eab00000, 0x00000000ef480000, 0x0000000100000000)
  eden space 35328K, 100% used [0x00000000eab00000,0x00000000ecd80000,0x00000000ecd80000)
  from space 13312K, 99% used [0x00000000ecd80000,0x00000000eda7d098,0x00000000eda80000)
  to   space 19968K, 0% used [0x00000000ee100000,0x00000000ee100000,0x00000000ef480000)
 ParOldGen       total 472576K, used 425447K [0x00000000c0000000, 0x00000000dcd80000, 0x00000000eab00000)
  object space 472576K, 90% used [0x00000000c0000000,0x00000000d9f79de0,0x00000000dcd80000)
 Metaspace       used 73984K, committed 75392K, reserved 1179648K
  class space    used 7731K, committed 8320K, reserved 1048576K
}
Event: 35.762 GC heap after
{Heap after GC invocations=242 (full 15):
 PSYoungGen      total 50688K, used 12482K [0x00000000eab00000, 0x00000000eed80000, 0x0000000100000000)
  eden space 37888K, 0% used [0x00000000eab00000,0x00000000eab00000,0x00000000ed000000)
  from space 12800K, 97% used [0x00000000ee100000,0x00000000eed30908,0x00000000eed80000)
  to   space 14848K, 0% used [0x00000000ed080000,0x00000000ed080000,0x00000000edf00000)
 ParOldGen       total 472576K, used 433641K [0x00000000c0000000, 0x00000000dcd80000, 0x00000000eab00000)
  object space 472576K, 91% used [0x00000000c0000000,0x00000000da77a600,0x00000000dcd80000)
 Metaspace       used 73984K, committed 75392K, reserved 1179648K
  class space    used 7731K, committed 8320K, reserved 1048576K
}
Event: 35.978 GC heap before
{Heap before GC invocations=243 (full 15):
 PSYoungGen      total 50688K, used 50370K [0x00000000eab00000, 0x00000000eed80000, 0x0000000100000000)
  eden space 37888K, 100% used [0x00000000eab00000,0x00000000ed000000,0x00000000ed000000)
  from space 12800K, 97% used [0x00000000ee100000,0x00000000eed30908,0x00000000eed80000)
  to   space 14848K, 0% used [0x00000000ed080000,0x00000000ed080000,0x00000000edf00000)
 ParOldGen       total 472576K, used 433641K [0x00000000c0000000, 0x00000000dcd80000, 0x00000000eab00000)
  object space 472576K, 91% used [0x00000000c0000000,0x00000000da77a600,0x00000000dcd80000)
 Metaspace       used 73984K, committed 75392K, reserved 1179648K
  class space    used 7731K, committed 8320K, reserved 1048576K
}
Event: 35.985 GC heap after
{Heap after GC invocations=243 (full 15):
 PSYoungGen      total 53248K, used 14831K [0x00000000eab00000, 0x00000000efd00000, 0x0000000100000000)
  eden space 38400K, 0% used [0x00000000eab00000,0x00000000eab00000,0x00000000ed080000)
  from space 14848K, 99% used [0x00000000ed080000,0x00000000edefbe70,0x00000000edf00000)
  to   space 22016K, 0% used [0x00000000ee780000,0x00000000ee780000,0x00000000efd00000)
 ParOldGen       total 472576K, used 439369K [0x00000000c0000000, 0x00000000dcd80000, 0x00000000eab00000)
  object space 472576K, 92% used [0x00000000c0000000,0x00000000dad12498,0x00000000dcd80000)
 Metaspace       used 73984K, committed 75392K, reserved 1179648K
  class space    used 7731K, committed 8320K, reserved 1048576K
}
Event: 36.071 GC heap before
{Heap before GC invocations=244 (full 15):
 PSYoungGen      total 53248K, used 53231K [0x00000000eab00000, 0x00000000efd00000, 0x0000000100000000)
  eden space 38400K, 100% used [0x00000000eab00000,0x00000000ed080000,0x00000000ed080000)
  from space 14848K, 99% used [0x00000000ed080000,0x00000000edefbe70,0x00000000edf00000)
  to   space 22016K, 0% used [0x00000000ee780000,0x00000000ee780000,0x00000000efd00000)
 ParOldGen       total 472576K, used 439369K [0x00000000c0000000, 0x00000000dcd80000, 0x00000000eab00000)
  object space 472576K, 92% used [0x00000000c0000000,0x00000000dad12498,0x00000000dcd80000)
 Metaspace       used 73986K, committed 75392K, reserved 1179648K
  class space    used 7731K, committed 8320K, reserved 1048576K
}
Event: 36.082 GC heap after
{Heap after GC invocations=244 (full 15):
 PSYoungGen      total 56832K, used 15670K [0x00000000eab00000, 0x00000000ef700000, 0x0000000100000000)
  eden space 40960K, 0% used [0x00000000eab00000,0x00000000eab00000,0x00000000ed300000)
  from space 15872K, 98% used [0x00000000ee780000,0x00000000ef6cdaf0,0x00000000ef700000)
  to   space 17920K, 0% used [0x00000000ed400000,0x00000000ed400000,0x00000000ee580000)
 ParOldGen       total 472576K, used 448297K [0x00000000c0000000, 0x00000000dcd80000, 0x00000000eab00000)
  object space 472576K, 94% used [0x00000000c0000000,0x00000000db5ca548,0x00000000dcd80000)
 Metaspace       used 73986K, committed 75392K, reserved 1179648K
  class space    used 7731K, committed 8320K, reserved 1048576K
}
Event: 36.114 GC heap before
{Heap before GC invocations=245 (full 15):
 PSYoungGen      total 56832K, used 56630K [0x00000000eab00000, 0x00000000ef700000, 0x0000000100000000)
  eden space 40960K, 100% used [0x00000000eab00000,0x00000000ed300000,0x00000000ed300000)
  from space 15872K, 98% used [0x00000000ee780000,0x00000000ef6cdaf0,0x00000000ef700000)
  to   space 17920K, 0% used [0x00000000ed400000,0x00000000ed400000,0x00000000ee580000)
 ParOldGen       total 472576K, used 448297K [0x00000000c0000000, 0x00000000dcd80000, 0x00000000eab00000)
  object space 472576K, 94% used [0x00000000c0000000,0x00000000db5ca548,0x00000000dcd80000)
 Metaspace       used 73986K, committed 75392K, reserved 1179648K
  class space    used 7731K, committed 8320K, reserved 1048576K
}
Event: 36.122 GC heap after
{Heap after GC invocations=245 (full 15):
 PSYoungGen      total 59904K, used 17912K [0x00000000eab00000, 0x00000000f1580000, 0x0000000100000000)
  eden space 41984K, 0% used [0x00000000eab00000,0x00000000eab00000,0x00000000ed400000)
  from space 17920K, 99% used [0x00000000ed400000,0x00000000ee57e010,0x00000000ee580000)
  to   space 32256K, 0% used [0x00000000ef600000,0x00000000ef600000,0x00000000f1580000)
 ParOldGen       total 472576K, used 459966K [0x00000000c0000000, 0x00000000dcd80000, 0x00000000eab00000)
  object space 472576K, 97% used [0x00000000c0000000,0x00000000dc12fbb8,0x00000000dcd80000)
 Metaspace       used 73986K, committed 75392K, reserved 1179648K
  class space    used 7731K, committed 8320K, reserved 1048576K
}
Event: 36.322 GC heap before
{Heap before GC invocations=246 (full 15):
 PSYoungGen      total 59904K, used 59896K [0x00000000eab00000, 0x00000000f1580000, 0x0000000100000000)
  eden space 41984K, 100% used [0x00000000eab00000,0x00000000ed400000,0x00000000ed400000)
  from space 17920K, 99% used [0x00000000ed400000,0x00000000ee57e010,0x00000000ee580000)
  to   space 32256K, 0% used [0x00000000ef600000,0x00000000ef600000,0x00000000f1580000)
 ParOldGen       total 472576K, used 459966K [0x00000000c0000000, 0x00000000dcd80000, 0x00000000eab00000)
  object space 472576K, 97% used [0x00000000c0000000,0x00000000dc12fbb8,0x00000000dcd80000)
 Metaspace       used 74010K, committed 75392K, reserved 1179648K
  class space    used 7731K, committed 8320K, reserved 1048576K
}
Event: 36.335 GC heap after
{Heap after GC invocations=246 (full 15):
 PSYoungGen      total 65536K, used 19857K [0x00000000eab00000, 0x00000000f0980000, 0x0000000100000000)
  eden space 45568K, 0% used [0x00000000eab00000,0x00000000eab00000,0x00000000ed780000)
  from space 19968K, 99% used [0x00000000ef600000,0x00000000f0964440,0x00000000f0980000)
  to   space 23552K, 0% used [0x00000000edb80000,0x00000000edb80000,0x00000000ef280000)
 ParOldGen       total 472576K, used 469292K [0x00000000c0000000, 0x00000000dcd80000, 0x00000000eab00000)
  object space 472576K, 99% used [0x00000000c0000000,0x00000000dca4b240,0x00000000dcd80000)
 Metaspace       used 74010K, committed 75392K, reserved 1179648K
  class space    used 7731K, committed 8320K, reserved 1048576K
}
Event: 36.335 GC heap before
{Heap before GC invocations=247 (full 16):
 PSYoungGen      total 65536K, used 19857K [0x00000000eab00000, 0x00000000f0980000, 0x0000000100000000)
  eden space 45568K, 0% used [0x00000000eab00000,0x00000000eab00000,0x00000000ed780000)
  from space 19968K, 99% used [0x00000000ef600000,0x00000000f0964440,0x00000000f0980000)
  to   space 23552K, 0% used [0x00000000edb80000,0x00000000edb80000,0x00000000ef280000)
 ParOldGen       total 472576K, used 469292K [0x00000000c0000000, 0x00000000dcd80000, 0x00000000eab00000)
  object space 472576K, 99% used [0x00000000c0000000,0x00000000dca4b240,0x00000000dcd80000)
 Metaspace       used 74010K, committed 75392K, reserved 1179648K
  class space    used 7731K, committed 8320K, reserved 1048576K
}
Event: 36.653 GC heap after
{Heap after GC invocations=247 (full 16):
 PSYoungGen      total 68608K, used 12298K [0x00000000eab00000, 0x00000000f0900000, 0x0000000100000000)
  eden space 49152K, 0% used [0x00000000eab00000,0x00000000eab00000,0x00000000edb00000)
  from space 19456K, 63% used [0x00000000ef600000,0x00000000f02028b0,0x00000000f0900000)
  to   space 23552K, 0% used [0x00000000edb00000,0x00000000edb00000,0x00000000ef200000)
 ParOldGen       total 567808K, used 472095K [0x00000000c0000000, 0x00000000e2a80000, 0x00000000eab00000)
  object space 567808K, 83% used [0x00000000c0000000,0x00000000dcd07e58,0x00000000e2a80000)
 Metaspace       used 74010K, committed 75392K, reserved 1179648K
  class space    used 7731K, committed 8320K, reserved 1048576K
}

