# JRE version: OpenJDK Runtime Environment Temurin-17.0.11+9 (17.0.11+9) (build 17.0.11+9)
# Java VM: OpenJDK 64-Bit Server VM Temurin-17.0.11+9 (17.0.11+9, mixed mode, tiered, compressed oops, compressed class ptrs, parallel gc, windows-amd64)
GC Precious Log:
 CPUs: 8 total, 8 available
 Memory: 16187M
 Large Page Support: Disabled
 NUMA Support: Disabled
 Compressed Oops: Enabled (32-bit)
 Alignments: Space 512K, Generation 512K, Heap 2M
 Heap Min Capacity: 100M
 Heap Initial Capacity: 100M
 Heap Max Capacity: 1G
 Pre-touch: Disabled
 Parallel Workers: 8
Heap:
 PSYoungGen      total 16384K, used 12800K [0x00000000eab00000, 0x00000000ebf00000, 0x0000000100000000)
  eden space 12800K, 100% used [0x00000000eab00000,0x00000000eb780000,0x00000000eb780000)
  from space 3584K, 0% used [0x00000000eb780000,0x00000000eb780000,0x00000000ebb00000)
  to   space 3584K, 0% used [0x00000000ebb00000,0x00000000ebb00000,0x00000000ebe80000)
 ParOldGen       total 274432K, used 274378K [0x00000000c0000000, 0x00000000d0c00000, 0x00000000eab00000)
  object space 274432K, 99% used [0x00000000c0000000,0x00000000d0bf2998,0x00000000d0c00000)
 Metaspace       used 74000K, committed 75456K, reserved 1179648K
  class space    used 7836K, committed 8448K, reserved 1048576K
GC Heap History (20 events):
Event: 21.460 GC heap before
{Heap before GC invocations=280 (full 43):
 PSYoungGen      total 16384K, used 12799K [0x00000000eab00000, 0x00000000ebf00000, 0x0000000100000000)
  eden space 12800K, 99% used [0x00000000eab00000,0x00000000eb77fff8,0x00000000eb780000)
  from space 3584K, 0% used [0x00000000eb780000,0x00000000eb780000,0x00000000ebb00000)
  to   space 3584K, 0% used [0x00000000ebb00000,0x00000000ebb00000,0x00000000ebe80000)
 ParOldGen       total 273920K, used 273831K [0x00000000c0000000, 0x00000000d0b80000, 0x00000000eab00000)
  object space 273920K, 99% used [0x00000000c0000000,0x00000000d0b69fe0,0x00000000d0b80000)
 Metaspace       used 74000K, committed 75456K, reserved 1179648K
  class space    used 7836K, committed 8448K, reserved 1048576K
}
Event: 21.574 GC heap after
{Heap after GC invocations=280 (full 43):
 PSYoungGen      total 16384K, used 12771K [0x00000000eab00000, 0x00000000ebf00000, 0x0000000100000000)
  eden space 12800K, 99% used [0x00000000eab00000,0x00000000eb778dc8,0x00000000eb780000)
  from space 3584K, 0% used [0x00000000ebb00000,0x00000000ebb00000,0x00000000ebe80000)
  to   space 3584K, 0% used [0x00000000eb780000,0x00000000eb780000,0x00000000ebb00000)
 ParOldGen       total 273920K, used 273753K [0x00000000c0000000, 0x00000000d0b80000, 0x00000000eab00000)
  object space 273920K, 99% used [0x00000000c0000000,0x00000000d0b566b0,0x00000000d0b80000)
 Metaspace       used 74000K, committed 75456K, reserved 1179648K
  class space    used 7836K, committed 8448K, reserved 1048576K
}
Event: 21.574 GC heap before
{Heap before GC invocations=281 (full 44):
 PSYoungGen      total 16384K, used 12774K [0x00000000eab00000, 0x00000000ebf00000, 0x0000000100000000)
  eden space 12800K, 99% used [0x00000000eab00000,0x00000000eb779838,0x00000000eb780000)
  from space 3584K, 0% used [0x00000000ebb00000,0x00000000ebb00000,0x00000000ebe80000)
  to   space 3584K, 0% used [0x00000000eb780000,0x00000000eb780000,0x00000000ebb00000)
 ParOldGen       total 273920K, used 273753K [0x00000000c0000000, 0x00000000d0b80000, 0x00000000eab00000)
  object space 273920K, 99% used [0x00000000c0000000,0x00000000d0b566b0,0x00000000d0b80000)
 Metaspace       used 74000K, committed 75456K, reserved 1179648K
  class space    used 7836K, committed 8448K, reserved 1048576K
}
Event: 21.688 GC heap after
{Heap after GC invocations=281 (full 44):
 PSYoungGen      total 16384K, used 12771K [0x00000000eab00000, 0x00000000ebf00000, 0x0000000100000000)
  eden space 12800K, 99% used [0x00000000eab00000,0x00000000eb778ed8,0x00000000eb780000)
  from space 3584K, 0% used [0x00000000eb780000,0x00000000eb780000,0x00000000ebb00000)
  to   space 3584K, 0% used [0x00000000ebb00000,0x00000000ebb00000,0x00000000ebe80000)
 ParOldGen       total 273920K, used 273753K [0x00000000c0000000, 0x00000000d0b80000, 0x00000000eab00000)
  object space 273920K, 99% used [0x00000000c0000000,0x00000000d0b56668,0x00000000d0b80000)
 Metaspace       used 74000K, committed 75456K, reserved 1179648K
  class space    used 7836K, committed 8448K, reserved 1048576K
}
Event: 21.688 GC heap before
{Heap before GC invocations=282 (full 45):
 PSYoungGen      total 16384K, used 12799K [0x00000000eab00000, 0x00000000ebf00000, 0x0000000100000000)
  eden space 12800K, 99% used [0x00000000eab00000,0x00000000eb77fff8,0x00000000eb780000)
  from space 3584K, 0% used [0x00000000eb780000,0x00000000eb780000,0x00000000ebb00000)
  to   space 3584K, 0% used [0x00000000ebb00000,0x00000000ebb00000,0x00000000ebe80000)
 ParOldGen       total 273920K, used 273903K [0x00000000c0000000, 0x00000000d0b80000, 0x00000000eab00000)
  object space 273920K, 99% used [0x00000000c0000000,0x00000000d0b7be98,0x00000000d0b80000)
 Metaspace       used 74000K, committed 75456K, reserved 1179648K
  class space    used 7836K, committed 8448K, reserved 1048576K
}
Event: 21.819 GC heap after
{Heap after GC invocations=282 (full 45):
 PSYoungGen      total 16384K, used 12772K [0x00000000eab00000, 0x00000000ebf00000, 0x0000000100000000)
  eden space 12800K, 99% used [0x00000000eab00000,0x00000000eb779390,0x00000000eb780000)
  from space 3584K, 0% used [0x00000000ebb00000,0x00000000ebb00000,0x00000000ebe80000)
  to   space 3584K, 0% used [0x00000000eb780000,0x00000000eb780000,0x00000000ebb00000)
 ParOldGen       total 273920K, used 273827K [0x00000000c0000000, 0x00000000d0b80000, 0x00000000eab00000)
  object space 273920K, 99% used [0x00000000c0000000,0x00000000d0b68e60,0x00000000d0b80000)
 Metaspace       used 74000K, committed 75456K, reserved 1179648K
  class space    used 7836K, committed 8448K, reserved 1048576K
}
Event: 21.820 GC heap before
{Heap before GC invocations=283 (full 46):
 PSYoungGen      total 16384K, used 12775K [0x00000000eab00000, 0x00000000ebf00000, 0x0000000100000000)
  eden space 12800K, 99% used [0x00000000eab00000,0x00000000eb779e08,0x00000000eb780000)
  from space 3584K, 0% used [0x00000000ebb00000,0x00000000ebb00000,0x00000000ebe80000)
  to   space 3584K, 0% used [0x00000000eb780000,0x00000000eb780000,0x00000000ebb00000)
 ParOldGen       total 273920K, used 273827K [0x00000000c0000000, 0x00000000d0b80000, 0x00000000eab00000)
  object space 273920K, 99% used [0x00000000c0000000,0x00000000d0b68e60,0x00000000d0b80000)
 Metaspace       used 74000K, committed 75456K, reserved 1179648K
  class space    used 7836K, committed 8448K, reserved 1048576K
}
Event: 21.960 GC heap after
{Heap after GC invocations=283 (full 46):
 PSYoungGen      total 16384K, used 12773K [0x00000000eab00000, 0x00000000ebf00000, 0x0000000100000000)
  eden space 12800K, 99% used [0x00000000eab00000,0x00000000eb779518,0x00000000eb780000)
  from space 3584K, 0% used [0x00000000eb780000,0x00000000eb780000,0x00000000ebb00000)
  to   space 3584K, 0% used [0x00000000ebb00000,0x00000000ebb00000,0x00000000ebe80000)
 ParOldGen       total 273920K, used 273827K [0x00000000c0000000, 0x00000000d0b80000, 0x00000000eab00000)
  object space 273920K, 99% used [0x00000000c0000000,0x00000000d0b68df0,0x00000000d0b80000)
 Metaspace       used 74000K, committed 75456K, reserved 1179648K
  class space    used 7836K, committed 8448K, reserved 1048576K
}
Event: 21.961 GC heap before
{Heap before GC invocations=284 (full 47):
 PSYoungGen      total 16384K, used 12800K [0x00000000eab00000, 0x00000000ebf00000, 0x0000000100000000)
  eden space 12800K, 100% used [0x00000000eab00000,0x00000000eb780000,0x00000000eb780000)
  from space 3584K, 0% used [0x00000000eb780000,0x00000000eb780000,0x00000000ebb00000)
  to   space 3584K, 0% used [0x00000000ebb00000,0x00000000ebb00000,0x00000000ebe80000)
 ParOldGen       total 274432K, used 274162K [0x00000000c0000000, 0x00000000d0c00000, 0x00000000eab00000)
  object space 274432K, 99% used [0x00000000c0000000,0x00000000d0bbcb68,0x00000000d0c00000)
 Metaspace       used 74000K, committed 75456K, reserved 1179648K
  class space    used 7836K, committed 8448K, reserved 1048576K
}
Event: 22.081 GC heap after
{Heap after GC invocations=284 (full 47):
 PSYoungGen      total 16384K, used 12776K [0x00000000eab00000, 0x00000000ebf00000, 0x0000000100000000)
  eden space 12800K, 99% used [0x00000000eab00000,0x00000000eb77a0b8,0x00000000eb780000)
  from space 3584K, 0% used [0x00000000ebb00000,0x00000000ebb00000,0x00000000ebe80000)
  to   space 3584K, 0% used [0x00000000eb780000,0x00000000eb780000,0x00000000ebb00000)
 ParOldGen       total 274432K, used 273990K [0x00000000c0000000, 0x00000000d0c00000, 0x00000000eab00000)
  object space 274432K, 99% used [0x00000000c0000000,0x00000000d0b91b38,0x00000000d0c00000)
 Metaspace       used 74000K, committed 75456K, reserved 1179648K
  class space    used 7836K, committed 8448K, reserved 1048576K
}
Event: 22.082 GC heap before
{Heap before GC invocations=285 (full 48):
 PSYoungGen      total 16384K, used 12783K [0x00000000eab00000, 0x00000000ebf00000, 0x0000000100000000)
  eden space 12800K, 99% used [0x00000000eab00000,0x00000000eb77bc40,0x00000000eb780000)
  from space 3584K, 0% used [0x00000000ebb00000,0x00000000ebb00000,0x00000000ebe80000)
  to   space 3584K, 0% used [0x00000000eb780000,0x00000000eb780000,0x00000000ebb00000)
 ParOldGen       total 274432K, used 273990K [0x00000000c0000000, 0x00000000d0c00000, 0x00000000eab00000)
  object space 274432K, 99% used [0x00000000c0000000,0x00000000d0b91b38,0x00000000d0c00000)
 Metaspace       used 74000K, committed 75456K, reserved 1179648K
  class space    used 7836K, committed 8448K, reserved 1048576K
}
Event: 22.202 GC heap after
{Heap after GC invocations=285 (full 48):
 PSYoungGen      total 16384K, used 12777K [0x00000000eab00000, 0x00000000ebf00000, 0x0000000100000000)
  eden space 12800K, 99% used [0x00000000eab00000,0x00000000eb77a418,0x00000000eb780000)
  from space 3584K, 0% used [0x00000000eb780000,0x00000000eb780000,0x00000000ebb00000)
  to   space 3584K, 0% used [0x00000000ebb00000,0x00000000ebb00000,0x00000000ebe80000)
 ParOldGen       total 274432K, used 273976K [0x00000000c0000000, 0x00000000d0c00000, 0x00000000eab00000)
  object space 274432K, 99% used [0x00000000c0000000,0x00000000d0b8e2e8,0x00000000d0c00000)
 Metaspace       used 74000K, committed 75456K, reserved 1179648K
  class space    used 7836K, committed 8448K, reserved 1048576K
}
Event: 22.204 GC heap before
{Heap before GC invocations=286 (full 49):
 PSYoungGen      total 16384K, used 12800K [0x00000000eab00000, 0x00000000ebf00000, 0x0000000100000000)
  eden space 12800K, 100% used [0x00000000eab00000,0x00000000eb780000,0x00000000eb780000)
  from space 3584K, 0% used [0x00000000eb780000,0x00000000eb780000,0x00000000ebb00000)
  to   space 3584K, 0% used [0x00000000ebb00000,0x00000000ebb00000,0x00000000ebe80000)
 ParOldGen       total 274432K, used 274294K [0x00000000c0000000, 0x00000000d0c00000, 0x00000000eab00000)
  object space 274432K, 99% used [0x00000000c0000000,0x00000000d0bdd8a8,0x00000000d0c00000)
 Metaspace       used 74000K, committed 75456K, reserved 1179648K
  class space    used 7836K, committed 8448K, reserved 1048576K
}
Event: 22.332 GC heap after
{Heap after GC invocations=286 (full 49):
 PSYoungGen      total 16384K, used 12779K [0x00000000eab00000, 0x00000000ebf00000, 0x0000000100000000)
  eden space 12800K, 99% used [0x00000000eab00000,0x00000000eb77ae00,0x00000000eb780000)
  from space 3584K, 0% used [0x00000000ebb00000,0x00000000ebb00000,0x00000000ebe80000)
  to   space 3584K, 0% used [0x00000000eb780000,0x00000000eb780000,0x00000000ebb00000)
 ParOldGen       total 274432K, used 274131K [0x00000000c0000000, 0x00000000d0c00000, 0x00000000eab00000)
  object space 274432K, 99% used [0x00000000c0000000,0x00000000d0bb4d18,0x00000000d0c00000)
 Metaspace       used 74000K, committed 75456K, reserved 1179648K
  class space    used 7836K, committed 8448K, reserved 1048576K
}
Event: 22.369 GC heap before
{Heap before GC invocations=287 (full 50):
 PSYoungGen      total 16384K, used 12787K [0x00000000eab00000, 0x00000000ebf00000, 0x0000000100000000)
  eden space 12800K, 99% used [0x00000000eab00000,0x00000000eb77ccc8,0x00000000eb780000)
  from space 3584K, 0% used [0x00000000ebb00000,0x00000000ebb00000,0x00000000ebe80000)
  to   space 3584K, 0% used [0x00000000eb780000,0x00000000eb780000,0x00000000ebb00000)
 ParOldGen       total 274432K, used 274131K [0x00000000c0000000, 0x00000000d0c00000, 0x00000000eab00000)
  object space 274432K, 99% used [0x00000000c0000000,0x00000000d0bb4d18,0x00000000d0c00000)
 Metaspace       used 74000K, committed 75456K, reserved 1179648K
  class space    used 7836K, committed 8448K, reserved 1048576K
}
Event: 22.517 GC heap after
{Heap after GC invocations=287 (full 50):
 PSYoungGen      total 16384K, used 12780K [0x00000000eab00000, 0x00000000ebf00000, 0x0000000100000000)
  eden space 12800K, 99% used [0x00000000eab00000,0x00000000eb77b228,0x00000000eb780000)
  from space 3584K, 0% used [0x00000000eb780000,0x00000000eb780000,0x00000000ebb00000)
  to   space 3584K, 0% used [0x00000000ebb00000,0x00000000ebb00000,0x00000000ebe80000)
 ParOldGen       total 274432K, used 274116K [0x00000000c0000000, 0x00000000d0c00000, 0x00000000eab00000)
  object space 274432K, 99% used [0x00000000c0000000,0x00000000d0bb13d0,0x00000000d0c00000)
 Metaspace       used 74000K, committed 75456K, reserved 1179648K
  class space    used 7836K, committed 8448K, reserved 1048576K
}
Event: 22.520 GC heap before
{Heap before GC invocations=288 (full 51):
 PSYoungGen      total 16384K, used 12800K [0x00000000eab00000, 0x00000000ebf00000, 0x0000000100000000)
  eden space 12800K, 100% used [0x00000000eab00000,0x00000000eb780000,0x00000000eb780000)
  from space 3584K, 0% used [0x00000000eb780000,0x00000000eb780000,0x00000000ebb00000)
  to   space 3584K, 0% used [0x00000000ebb00000,0x00000000ebb00000,0x00000000ebe80000)
 ParOldGen       total 274432K, used 274284K [0x00000000c0000000, 0x00000000d0c00000, 0x00000000eab00000)
  object space 274432K, 99% used [0x00000000c0000000,0x00000000d0bdb368,0x00000000d0c00000)
 Metaspace       used 74000K, committed 75456K, reserved 1179648K
  class space    used 7836K, committed 8448K, reserved 1048576K
}
Event: 22.672 GC heap after
{Heap after GC invocations=288 (full 51):
 PSYoungGen      total 16384K, used 12781K [0x00000000eab00000, 0x00000000ebf00000, 0x0000000100000000)
  eden space 12800K, 99% used [0x00000000eab00000,0x00000000eb77b690,0x00000000eb780000)
  from space 3584K, 0% used [0x00000000ebb00000,0x00000000ebb00000,0x00000000ebe80000)
  to   space 3584K, 0% used [0x00000000eb780000,0x00000000eb780000,0x00000000ebb00000)
 ParOldGen       total 274432K, used 274193K [0x00000000c0000000, 0x00000000d0c00000, 0x00000000eab00000)
  object space 274432K, 99% used [0x00000000c0000000,0x00000000d0bc4690,0x00000000d0c00000)
 Metaspace       used 74000K, committed 75456K, reserved 1179648K
  class space    used 7836K, committed 8448K, reserved 1048576K
}
Event: 22.673 GC heap before
{Heap before GC invocations=289 (full 52):
 PSYoungGen      total 16384K, used 12784K [0x00000000eab00000, 0x00000000ebf00000, 0x0000000100000000)
  eden space 12800K, 99% used [0x00000000eab00000,0x00000000eb77c278,0x00000000eb780000)
  from space 3584K, 0% used [0x00000000ebb00000,0x00000000ebb00000,0x00000000ebe80000)
  to   space 3584K, 0% used [0x00000000eb780000,0x00000000eb780000,0x00000000ebb00000)
 ParOldGen       total 274432K, used 274193K [0x00000000c0000000, 0x00000000d0c00000, 0x00000000eab00000)
  object space 274432K, 99% used [0x00000000c0000000,0x00000000d0bc4690,0x00000000d0c00000)
 Metaspace       used 74000K, committed 75456K, reserved 1179648K
  class space    used 7836K, committed 8448K, reserved 1048576K
}
Event: 22.812 GC heap after
{Heap after GC invocations=289 (full 52):
 PSYoungGen      total 16384K, used 12781K [0x00000000eab00000, 0x00000000ebf00000, 0x0000000100000000)
  eden space 12800K, 99% used [0x00000000eab00000,0x00000000eb77b7a0,0x00000000eb780000)
  from space 3584K, 0% used [0x00000000eb780000,0x00000000eb780000,0x00000000ebb00000)
  to   space 3584K, 0% used [0x00000000ebb00000,0x00000000ebb00000,0x00000000ebe80000)
 ParOldGen       total 274432K, used 274193K [0x00000000c0000000, 0x00000000d0c00000, 0x00000000eab00000)
  object space 274432K, 99% used [0x00000000c0000000,0x00000000d0bc4648,0x00000000d0c00000)
 Metaspace       used 74000K, committed 75456K, reserved 1179648K
  class space    used 7836K, committed 8448K, reserved 1048576K
}

