# JRE version: OpenJDK Runtime Environment Temurin-17.0.11+9 (17.0.11+9) (build 17.0.11+9)
# Java VM: OpenJDK 64-Bit Server VM Temurin-17.0.11+9 (17.0.11+9, mixed mode, tiered, compressed oops, compressed class ptrs, parallel gc, windows-amd64)
GC Precious Log:
 CPUs: 8 total, 8 available
 Memory: 16187M
 Large Page Support: Disabled
 NUMA Support: Disabled
 Compressed Oops: Enabled (32-bit)
 Alignments: Space 512K, Generation 512K, Heap 2M
 Heap Min Capacity: 100M
 Heap Initial Capacity: 100M
 Heap Max Capacity: 1G
 Pre-touch: Disabled
 Parallel Workers: 8
Heap:
 PSYoungGen      total 40960K, used 29990K [0x00000000eab00000, 0x00000000ef800000, 0x0000000100000000)
  eden space 25088K, 57% used [0x00000000eab00000,0x00000000eb906540,0x00000000ec380000)
  from space 15872K, 98% used [0x00000000ee880000,0x00000000ef7c3450,0x00000000ef800000)
  to   space 23040K, 0% used [0x00000000ecb00000,0x00000000ecb00000,0x00000000ee180000)
 ParOldGen       total 398848K, used 324675K [0x00000000c0000000, 0x00000000d8580000, 0x00000000eab00000)
  object space 398848K, 81% used [0x00000000c0000000,0x00000000d3d10ee0,0x00000000d8580000)
 Metaspace       used 73063K, committed 74304K, reserved 1179648K
  class space    used 7681K, committed 8256K, reserved 1048576K
GC Heap History (20 events):
Event: 18.518 GC heap before
{Heap before GC invocations=218 (full 13):
 PSYoungGen      total 30720K, used 30496K [0x00000000eab00000, 0x00000000ed400000, 0x0000000100000000)
  eden space 23552K, 100% used [0x00000000eab00000,0x00000000ec200000,0x00000000ec200000)
  from space 7168K, 96% used [0x00000000ec200000,0x00000000ec8c8000,0x00000000ec900000)
  to   space 8192K, 0% used [0x00000000ecc00000,0x00000000ecc00000,0x00000000ed400000)
 ParOldGen       total 317440K, used 264688K [0x00000000c0000000, 0x00000000d3600000, 0x00000000eab00000)
  object space 317440K, 83% used [0x00000000c0000000,0x00000000d027c3e8,0x00000000d3600000)
 Metaspace       used 72932K, committed 74176K, reserved 1179648K
  class space    used 7674K, committed 8256K, reserved 1048576K
}
Event: 18.523 GC heap after
{Heap after GC invocations=218 (full 13):
 PSYoungGen      total 30720K, used 8192K [0x00000000eab00000, 0x00000000eda00000, 0x0000000100000000)
  eden space 22528K, 0% used [0x00000000eab00000,0x00000000eab00000,0x00000000ec100000)
  from space 8192K, 100% used [0x00000000ecc00000,0x00000000ed400000,0x00000000ed400000)
  to   space 11264K, 0% used [0x00000000ec100000,0x00000000ec100000,0x00000000ecc00000)
 ParOldGen       total 317440K, used 266680K [0x00000000c0000000, 0x00000000d3600000, 0x00000000eab00000)
  object space 317440K, 84% used [0x00000000c0000000,0x00000000d046e3e8,0x00000000d3600000)
 Metaspace       used 72932K, committed 74176K, reserved 1179648K
  class space    used 7674K, committed 8256K, reserved 1048576K
}
Event: 18.582 GC heap before
{Heap before GC invocations=219 (full 13):
 PSYoungGen      total 30720K, used 30720K [0x00000000eab00000, 0x00000000eda00000, 0x0000000100000000)
  eden space 22528K, 100% used [0x00000000eab00000,0x00000000ec100000,0x00000000ec100000)
  from space 8192K, 100% used [0x00000000ecc00000,0x00000000ed400000,0x00000000ed400000)
  to   space 11264K, 0% used [0x00000000ec100000,0x00000000ec100000,0x00000000ecc00000)
 ParOldGen       total 317440K, used 266680K [0x00000000c0000000, 0x00000000d3600000, 0x00000000eab00000)
  object space 317440K, 84% used [0x00000000c0000000,0x00000000d046e3e8,0x00000000d3600000)
 Metaspace       used 72932K, committed 74176K, reserved 1179648K
  class space    used 7674K, committed 8256K, reserved 1048576K
}
Event: 18.588 GC heap after
{Heap after GC invocations=219 (full 13):
 PSYoungGen      total 29696K, used 6912K [0x00000000eab00000, 0x00000000ed280000, 0x0000000100000000)
  eden space 22528K, 0% used [0x00000000eab00000,0x00000000eab00000,0x00000000ec100000)
  from space 7168K, 96% used [0x00000000ec100000,0x00000000ec7c0000,0x00000000ec800000)
  to   space 8192K, 0% used [0x00000000eca80000,0x00000000eca80000,0x00000000ed280000)
 ParOldGen       total 317440K, used 271360K [0x00000000c0000000, 0x00000000d3600000, 0x00000000eab00000)
  object space 317440K, 85% used [0x00000000c0000000,0x00000000d09003e8,0x00000000d3600000)
 Metaspace       used 72932K, committed 74176K, reserved 1179648K
  class space    used 7674K, committed 8256K, reserved 1048576K
}
Event: 18.652 GC heap before
{Heap before GC invocations=220 (full 13):
 PSYoungGen      total 29696K, used 29440K [0x00000000eab00000, 0x00000000ed280000, 0x0000000100000000)
  eden space 22528K, 100% used [0x00000000eab00000,0x00000000ec100000,0x00000000ec100000)
  from space 7168K, 96% used [0x00000000ec100000,0x00000000ec7c0000,0x00000000ec800000)
  to   space 8192K, 0% used [0x00000000eca80000,0x00000000eca80000,0x00000000ed280000)
 ParOldGen       total 317440K, used 271360K [0x00000000c0000000, 0x00000000d3600000, 0x00000000eab00000)
  object space 317440K, 85% used [0x00000000c0000000,0x00000000d09003e8,0x00000000d3600000)
 Metaspace       used 72932K, committed 74176K, reserved 1179648K
  class space    used 7674K, committed 8256K, reserved 1048576K
}
Event: 18.657 GC heap after
{Heap after GC invocations=220 (full 13):
 PSYoungGen      total 29696K, used 8192K [0x00000000eab00000, 0x00000000ed780000, 0x0000000100000000)
  eden space 21504K, 0% used [0x00000000eab00000,0x00000000eab00000,0x00000000ec000000)
  from space 8192K, 100% used [0x00000000eca80000,0x00000000ed280000,0x00000000ed280000)
  to   space 10752K, 0% used [0x00000000ec000000,0x00000000ec000000,0x00000000eca80000)
 ParOldGen       total 317440K, used 273040K [0x00000000c0000000, 0x00000000d3600000, 0x00000000eab00000)
  object space 317440K, 86% used [0x00000000c0000000,0x00000000d0aa43e8,0x00000000d3600000)
 Metaspace       used 72932K, committed 74176K, reserved 1179648K
  class space    used 7674K, committed 8256K, reserved 1048576K
}
Event: 18.712 GC heap before
{Heap before GC invocations=221 (full 13):
 PSYoungGen      total 29696K, used 29696K [0x00000000eab00000, 0x00000000ed780000, 0x0000000100000000)
  eden space 21504K, 100% used [0x00000000eab00000,0x00000000ec000000,0x00000000ec000000)
  from space 8192K, 100% used [0x00000000eca80000,0x00000000ed280000,0x00000000ed280000)
  to   space 10752K, 0% used [0x00000000ec000000,0x00000000ec000000,0x00000000eca80000)
 ParOldGen       total 317440K, used 273040K [0x00000000c0000000, 0x00000000d3600000, 0x00000000eab00000)
  object space 317440K, 86% used [0x00000000c0000000,0x00000000d0aa43e8,0x00000000d3600000)
 Metaspace       used 72933K, committed 74176K, reserved 1179648K
  class space    used 7674K, committed 8256K, reserved 1048576K
}
Event: 18.718 GC heap after
{Heap after GC invocations=221 (full 13):
 PSYoungGen      total 28160K, used 6208K [0x00000000eab00000, 0x00000000ed100000, 0x0000000100000000)
  eden space 21504K, 0% used [0x00000000eab00000,0x00000000eab00000,0x00000000ec000000)
  from space 6656K, 93% used [0x00000000ec000000,0x00000000ec610000,0x00000000ec680000)
  to   space 7680K, 0% used [0x00000000ec980000,0x00000000ec980000,0x00000000ed100000)
 ParOldGen       total 317440K, used 278368K [0x00000000c0000000, 0x00000000d3600000, 0x00000000eab00000)
  object space 317440K, 87% used [0x00000000c0000000,0x00000000d0fd83e8,0x00000000d3600000)
 Metaspace       used 72933K, committed 74176K, reserved 1179648K
  class space    used 7674K, committed 8256K, reserved 1048576K
}
Event: 18.802 GC heap before
{Heap before GC invocations=222 (full 13):
 PSYoungGen      total 28160K, used 27712K [0x00000000eab00000, 0x00000000ed100000, 0x0000000100000000)
  eden space 21504K, 100% used [0x00000000eab00000,0x00000000ec000000,0x00000000ec000000)
  from space 6656K, 93% used [0x00000000ec000000,0x00000000ec610000,0x00000000ec680000)
  to   space 7680K, 0% used [0x00000000ec980000,0x00000000ec980000,0x00000000ed100000)
 ParOldGen       total 317440K, used 278368K [0x00000000c0000000, 0x00000000d3600000, 0x00000000eab00000)
  object space 317440K, 87% used [0x00000000c0000000,0x00000000d0fd83e8,0x00000000d3600000)
 Metaspace       used 72941K, committed 74176K, reserved 1179648K
  class space    used 7674K, committed 8256K, reserved 1048576K
}
Event: 18.807 GC heap after
{Heap after GC invocations=222 (full 13):
 PSYoungGen      total 28160K, used 7655K [0x00000000eab00000, 0x00000000ed680000, 0x0000000100000000)
  eden space 20480K, 0% used [0x00000000eab00000,0x00000000eab00000,0x00000000ebf00000)
  from space 7680K, 99% used [0x00000000ec980000,0x00000000ed0f9c78,0x00000000ed100000)
  to   space 10752K, 0% used [0x00000000ebf00000,0x00000000ebf00000,0x00000000ec980000)
 ParOldGen       total 317440K, used 280560K [0x00000000c0000000, 0x00000000d3600000, 0x00000000eab00000)
  object space 317440K, 88% used [0x00000000c0000000,0x00000000d11fc3e8,0x00000000d3600000)
 Metaspace       used 72941K, committed 74176K, reserved 1179648K
  class space    used 7674K, committed 8256K, reserved 1048576K
}
Event: 19.019 GC heap before
{Heap before GC invocations=223 (full 13):
 PSYoungGen      total 28160K, used 28086K [0x00000000eab00000, 0x00000000ed680000, 0x0000000100000000)
  eden space 20480K, 99% used [0x00000000eab00000,0x00000000ebef3c00,0x00000000ebf00000)
  from space 7680K, 99% used [0x00000000ec980000,0x00000000ed0f9c78,0x00000000ed100000)
  to   space 10752K, 0% used [0x00000000ebf00000,0x00000000ebf00000,0x00000000ec980000)
 ParOldGen       total 317440K, used 280560K [0x00000000c0000000, 0x00000000d3600000, 0x00000000eab00000)
  object space 317440K, 88% used [0x00000000c0000000,0x00000000d11fc3e8,0x00000000d3600000)
 Metaspace       used 72945K, committed 74176K, reserved 1179648K
  class space    used 7675K, committed 8256K, reserved 1048576K
}
Event: 19.029 GC heap after
{Heap after GC invocations=223 (full 13):
 PSYoungGen      total 31232K, used 10749K [0x00000000eab00000, 0x00000000ee980000, 0x0000000100000000)
  eden space 20480K, 0% used [0x00000000eab00000,0x00000000eab00000,0x00000000ebf00000)
  from space 10752K, 99% used [0x00000000ebf00000,0x00000000ec97f608,0x00000000ec980000)
  to   space 20992K, 0% used [0x00000000ed500000,0x00000000ed500000,0x00000000ee980000)
 ParOldGen       total 317440K, used 288840K [0x00000000c0000000, 0x00000000d3600000, 0x00000000eab00000)
  object space 317440K, 90% used [0x00000000c0000000,0x00000000d1a122a8,0x00000000d3600000)
 Metaspace       used 72945K, committed 74176K, reserved 1179648K
  class space    used 7675K, committed 8256K, reserved 1048576K
}
Event: 19.255 GC heap before
{Heap before GC invocations=224 (full 13):
 PSYoungGen      total 31232K, used 30516K [0x00000000eab00000, 0x00000000ee980000, 0x0000000100000000)
  eden space 20480K, 96% used [0x00000000eab00000,0x00000000ebe4ddc8,0x00000000ebf00000)
  from space 10752K, 99% used [0x00000000ebf00000,0x00000000ec97f608,0x00000000ec980000)
  to   space 20992K, 0% used [0x00000000ed500000,0x00000000ed500000,0x00000000ee980000)
 ParOldGen       total 317440K, used 288840K [0x00000000c0000000, 0x00000000d3600000, 0x00000000eab00000)
  object space 317440K, 90% used [0x00000000c0000000,0x00000000d1a122a8,0x00000000d3600000)
 Metaspace       used 72945K, committed 74176K, reserved 1179648K
  class space    used 7675K, committed 8256K, reserved 1048576K
}
Event: 19.282 GC heap after
{Heap after GC invocations=224 (full 13):
 PSYoungGen      total 40960K, used 18861K [0x00000000eab00000, 0x00000000ee780000, 0x0000000100000000)
  eden space 22016K, 0% used [0x00000000eab00000,0x00000000eab00000,0x00000000ec080000)
  from space 18944K, 99% used [0x00000000ed500000,0x00000000ee76b440,0x00000000ee780000)
  to   space 19456K, 0% used [0x00000000ec180000,0x00000000ec180000,0x00000000ed480000)
 ParOldGen       total 317440K, used 294700K [0x00000000c0000000, 0x00000000d3600000, 0x00000000eab00000)
  object space 317440K, 92% used [0x00000000c0000000,0x00000000d1fcb1f0,0x00000000d3600000)
 Metaspace       used 72945K, committed 74176K, reserved 1179648K
  class space    used 7675K, committed 8256K, reserved 1048576K
}
Event: 19.594 GC heap before
{Heap before GC invocations=225 (full 13):
 PSYoungGen      total 40960K, used 40450K [0x00000000eab00000, 0x00000000ee780000, 0x0000000100000000)
  eden space 22016K, 98% used [0x00000000eab00000,0x00000000ec015468,0x00000000ec080000)
  from space 18944K, 99% used [0x00000000ed500000,0x00000000ee76b440,0x00000000ee780000)
  to   space 19456K, 0% used [0x00000000ec180000,0x00000000ec180000,0x00000000ed480000)
 ParOldGen       total 317440K, used 294700K [0x00000000c0000000, 0x00000000d3600000, 0x00000000eab00000)
  object space 317440K, 92% used [0x00000000c0000000,0x00000000d1fcb1f0,0x00000000d3600000)
 Metaspace       used 72963K, committed 74240K, reserved 1179648K
  class space    used 7675K, committed 8256K, reserved 1048576K
}
Event: 19.638 GC heap after
{Heap after GC invocations=225 (full 13):
 PSYoungGen      total 42496K, used 19445K [0x00000000eab00000, 0x00000000f0c80000, 0x0000000100000000)
  eden space 23040K, 0% used [0x00000000eab00000,0x00000000eab00000,0x00000000ec180000)
  from space 19456K, 99% used [0x00000000ec180000,0x00000000ed47d6d8,0x00000000ed480000)
  to   space 37888K, 0% used [0x00000000ee780000,0x00000000ee780000,0x00000000f0c80000)
 ParOldGen       total 317440K, used 310305K [0x00000000c0000000, 0x00000000d3600000, 0x00000000eab00000)
  object space 317440K, 97% used [0x00000000c0000000,0x00000000d2f08628,0x00000000d3600000)
 Metaspace       used 72963K, committed 74240K, reserved 1179648K
  class space    used 7675K, committed 8256K, reserved 1048576K
}
Event: 19.638 GC heap before
{Heap before GC invocations=226 (full 14):
 PSYoungGen      total 42496K, used 19445K [0x00000000eab00000, 0x00000000f0c80000, 0x0000000100000000)
  eden space 23040K, 0% used [0x00000000eab00000,0x00000000eab00000,0x00000000ec180000)
  from space 19456K, 99% used [0x00000000ec180000,0x00000000ed47d6d8,0x00000000ed480000)
  to   space 37888K, 0% used [0x00000000ee780000,0x00000000ee780000,0x00000000f0c80000)
 ParOldGen       total 317440K, used 310305K [0x00000000c0000000, 0x00000000d3600000, 0x00000000eab00000)
  object space 317440K, 97% used [0x00000000c0000000,0x00000000d2f08628,0x00000000d3600000)
 Metaspace       used 72963K, committed 74240K, reserved 1179648K
  class space    used 7675K, committed 8256K, reserved 1048576K
}
Event: 19.900 GC heap after
{Heap after GC invocations=226 (full 14):
 PSYoungGen      total 42496K, used 8114K [0x00000000eab00000, 0x00000000f0d80000, 0x0000000100000000)
  eden space 23040K, 0% used [0x00000000eab00000,0x00000000eab00000,0x00000000ec180000)
  from space 19456K, 41% used [0x00000000ec180000,0x00000000ec96ca88,0x00000000ed480000)
  to   space 37888K, 0% used [0x00000000ee880000,0x00000000ee880000,0x00000000f0d80000)
 ParOldGen       total 398848K, used 316961K [0x00000000c0000000, 0x00000000d8580000, 0x00000000eab00000)
  object space 398848K, 79% used [0x00000000c0000000,0x00000000d35887a8,0x00000000d8580000)
 Metaspace       used 72963K, committed 74240K, reserved 1179648K
  class space    used 7675K, committed 8256K, reserved 1048576K
}
Event: 20.553 GC heap before
{Heap before GC invocations=227 (full 14):
 PSYoungGen      total 42496K, used 31154K [0x00000000eab00000, 0x00000000f0d80000, 0x0000000100000000)
  eden space 23040K, 100% used [0x00000000eab00000,0x00000000ec180000,0x00000000ec180000)
  from space 19456K, 41% used [0x00000000ec180000,0x00000000ec96ca88,0x00000000ed480000)
  to   space 37888K, 0% used [0x00000000ee880000,0x00000000ee880000,0x00000000f0d80000)
 ParOldGen       total 398848K, used 316961K [0x00000000c0000000, 0x00000000d8580000, 0x00000000eab00000)
  object space 398848K, 79% used [0x00000000c0000000,0x00000000d35887a8,0x00000000d8580000)
 Metaspace       used 73031K, committed 74304K, reserved 1179648K
  class space    used 7680K, committed 8256K, reserved 1048576K
}
Event: 20.590 GC heap after
{Heap after GC invocations=227 (full 14):
 PSYoungGen      total 40960K, used 15629K [0x00000000eab00000, 0x00000000ef800000, 0x0000000100000000)
  eden space 25088K, 0% used [0x00000000eab00000,0x00000000eab00000,0x00000000ec380000)
  from space 15872K, 98% used [0x00000000ee880000,0x00000000ef7c3450,0x00000000ef800000)
  to   space 23040K, 0% used [0x00000000ecb00000,0x00000000ecb00000,0x00000000ee180000)
 ParOldGen       total 398848K, used 324675K [0x00000000c0000000, 0x00000000d8580000, 0x00000000eab00000)
  object space 398848K, 81% used [0x00000000c0000000,0x00000000d3d10ee0,0x00000000d8580000)
 Metaspace       used 73031K, committed 74304K, reserved 1179648K
  class space    used 7680K, committed 8256K, reserved 1048576K
}

