# JRE version: OpenJDK Runtime Environment Temurin-17.0.11+9 (17.0.11+9) (build 17.0.11+9)
# Java VM: OpenJDK 64-Bit Server VM Temurin-17.0.11+9 (17.0.11+9, mixed mode, tiered, compressed oops, compressed class ptrs, parallel gc, windows-amd64)
GC Precious Log:
 CPUs: 8 total, 8 available
 Memory: 16187M
 Large Page Support: Disabled
 NUMA Support: Disabled
 Compressed Oops: Enabled (32-bit)
 Alignments: Space 512K, Generation 512K, Heap 2M
 Heap Min Capacity: 100M
 Heap Initial Capacity: 100M
 Heap Max Capacity: 1G
 Pre-touch: Disabled
 Parallel Workers: 8
Heap:
 PSYoungGen      total 12800K, used 12233K [0x00000000eab00000, 0x00000000ebe80000, 0x0000000100000000)
  eden space 8704K, 93% used [0x00000000eab00000,0x00000000eb2f5b78,0x00000000eb380000)
  from space 4096K, 99% used [0x00000000eb480000,0x00000000eb87c970,0x00000000eb880000)
  to   space 5632K, 0% used [0x00000000eb900000,0x00000000eb900000,0x00000000ebe80000)
 ParOldGen       total 238592K, used 223844K [0x00000000c0000000, 0x00000000ce900000, 0x00000000eab00000)
  object space 238592K, 93% used [0x00000000c0000000,0x00000000cda99118,0x00000000ce900000)
 Metaspace       used 78439K, committed 79872K, reserved 1179648K
  class space    used 8185K, committed 8768K, reserved 1048576K
GC Heap History (20 events):
Event: 34.357 GC heap before
{Heap before GC invocations=244 (full 12):
 PSYoungGen      total 7168K, used 1207K [0x00000000eab00000, 0x00000000eb580000, 0x0000000100000000)
  eden space 5632K, 0% used [0x00000000eab00000,0x00000000eab00000,0x00000000eb080000)
  from space 1536K, 78% used [0x00000000eb400000,0x00000000eb52dc88,0x00000000eb580000)
  to   space 2048K, 0% used [0x00000000eb180000,0x00000000eb180000,0x00000000eb380000)
 ParOldGen       total 216576K, used 215361K [0x00000000c0000000, 0x00000000cd380000, 0x00000000eab00000)
  object space 216576K, 99% used [0x00000000c0000000,0x00000000cd250748,0x00000000cd380000)
 Metaspace       used 78439K, committed 79872K, reserved 1179648K
  class space    used 8185K, committed 8768K, reserved 1048576K
}
Event: 34.504 GC heap after
{Heap after GC invocations=244 (full 12):
 PSYoungGen      total 6144K, used 0K [0x00000000eab00000, 0x00000000eb480000, 0x0000000100000000)
  eden space 5632K, 0% used [0x00000000eab00000,0x00000000eab00000,0x00000000eb080000)
  from space 512K, 0% used [0x00000000eb180000,0x00000000eb180000,0x00000000eb200000)
  to   space 2048K, 0% used [0x00000000eb280000,0x00000000eb280000,0x00000000eb480000)
 ParOldGen       total 238592K, used 211594K [0x00000000c0000000, 0x00000000ce900000, 0x00000000eab00000)
  object space 238592K, 88% used [0x00000000c0000000,0x00000000ccea2b00,0x00000000ce900000)
 Metaspace       used 78439K, committed 79872K, reserved 1179648K
  class space    used 8185K, committed 8768K, reserved 1048576K
}
Event: 34.537 GC heap before
{Heap before GC invocations=245 (full 12):
 PSYoungGen      total 6144K, used 5632K [0x00000000eab00000, 0x00000000eb480000, 0x0000000100000000)
  eden space 5632K, 100% used [0x00000000eab00000,0x00000000eb080000,0x00000000eb080000)
  from space 512K, 0% used [0x00000000eb180000,0x00000000eb180000,0x00000000eb200000)
  to   space 2048K, 0% used [0x00000000eb280000,0x00000000eb280000,0x00000000eb480000)
 ParOldGen       total 238592K, used 211594K [0x00000000c0000000, 0x00000000ce900000, 0x00000000eab00000)
  object space 238592K, 88% used [0x00000000c0000000,0x00000000ccea2b00,0x00000000ce900000)
 Metaspace       used 78439K, committed 79872K, reserved 1179648K
  class space    used 8185K, committed 8768K, reserved 1048576K
}
Event: 34.539 GC heap after
{Heap after GC invocations=245 (full 12):
 PSYoungGen      total 7680K, used 1502K [0x00000000eab00000, 0x00000000eb480000, 0x0000000100000000)
  eden space 5632K, 0% used [0x00000000eab00000,0x00000000eab00000,0x00000000eb080000)
  from space 2048K, 73% used [0x00000000eb280000,0x00000000eb3f7b90,0x00000000eb480000)
  to   space 2048K, 0% used [0x00000000eb080000,0x00000000eb080000,0x00000000eb280000)
 ParOldGen       total 238592K, used 211594K [0x00000000c0000000, 0x00000000ce900000, 0x00000000eab00000)
  object space 238592K, 88% used [0x00000000c0000000,0x00000000ccea2b00,0x00000000ce900000)
 Metaspace       used 78439K, committed 79872K, reserved 1179648K
  class space    used 8185K, committed 8768K, reserved 1048576K
}
Event: 34.568 GC heap before
{Heap before GC invocations=246 (full 12):
 PSYoungGen      total 7680K, used 7134K [0x00000000eab00000, 0x00000000eb480000, 0x0000000100000000)
  eden space 5632K, 100% used [0x00000000eab00000,0x00000000eb080000,0x00000000eb080000)
  from space 2048K, 73% used [0x00000000eb280000,0x00000000eb3f7b90,0x00000000eb480000)
  to   space 2048K, 0% used [0x00000000eb080000,0x00000000eb080000,0x00000000eb280000)
 ParOldGen       total 238592K, used 211594K [0x00000000c0000000, 0x00000000ce900000, 0x00000000eab00000)
  object space 238592K, 88% used [0x00000000c0000000,0x00000000ccea2b00,0x00000000ce900000)
 Metaspace       used 78439K, committed 79872K, reserved 1179648K
  class space    used 8185K, committed 8768K, reserved 1048576K
}
Event: 34.571 GC heap after
{Heap after GC invocations=246 (full 12):
 PSYoungGen      total 7680K, used 2048K [0x00000000eab00000, 0x00000000eb680000, 0x0000000100000000)
  eden space 5632K, 0% used [0x00000000eab00000,0x00000000eab00000,0x00000000eb080000)
  from space 2048K, 100% used [0x00000000eb080000,0x00000000eb280000,0x00000000eb280000)
  to   space 3072K, 0% used [0x00000000eb380000,0x00000000eb380000,0x00000000eb680000)
 ParOldGen       total 238592K, used 212373K [0x00000000c0000000, 0x00000000ce900000, 0x00000000eab00000)
  object space 238592K, 89% used [0x00000000c0000000,0x00000000ccf656b0,0x00000000ce900000)
 Metaspace       used 78439K, committed 79872K, reserved 1179648K
  class space    used 8185K, committed 8768K, reserved 1048576K
}
Event: 34.604 GC heap before
{Heap before GC invocations=247 (full 12):
 PSYoungGen      total 7680K, used 7680K [0x00000000eab00000, 0x00000000eb680000, 0x0000000100000000)
  eden space 5632K, 100% used [0x00000000eab00000,0x00000000eb080000,0x00000000eb080000)
  from space 2048K, 100% used [0x00000000eb080000,0x00000000eb280000,0x00000000eb280000)
  to   space 3072K, 0% used [0x00000000eb380000,0x00000000eb380000,0x00000000eb680000)
 ParOldGen       total 238592K, used 212373K [0x00000000c0000000, 0x00000000ce900000, 0x00000000eab00000)
  object space 238592K, 89% used [0x00000000c0000000,0x00000000ccf656b0,0x00000000ce900000)
 Metaspace       used 78439K, committed 79872K, reserved 1179648K
  class space    used 8185K, committed 8768K, reserved 1048576K
}
Event: 34.608 GC heap after
{Heap after GC invocations=247 (full 12):
 PSYoungGen      total 8192K, used 2413K [0x00000000eab00000, 0x00000000eb600000, 0x0000000100000000)
  eden space 5632K, 0% used [0x00000000eab00000,0x00000000eab00000,0x00000000eb080000)
  from space 2560K, 94% used [0x00000000eb380000,0x00000000eb5db5b0,0x00000000eb600000)
  to   space 2560K, 0% used [0x00000000eb100000,0x00000000eb100000,0x00000000eb380000)
 ParOldGen       total 238592K, used 213374K [0x00000000c0000000, 0x00000000ce900000, 0x00000000eab00000)
  object space 238592K, 89% used [0x00000000c0000000,0x00000000cd05f8f8,0x00000000ce900000)
 Metaspace       used 78439K, committed 79872K, reserved 1179648K
  class space    used 8185K, committed 8768K, reserved 1048576K
}
Event: 34.634 GC heap before
{Heap before GC invocations=248 (full 12):
 PSYoungGen      total 8192K, used 8045K [0x00000000eab00000, 0x00000000eb600000, 0x0000000100000000)
  eden space 5632K, 100% used [0x00000000eab00000,0x00000000eb080000,0x00000000eb080000)
  from space 2560K, 94% used [0x00000000eb380000,0x00000000eb5db5b0,0x00000000eb600000)
  to   space 2560K, 0% used [0x00000000eb100000,0x00000000eb100000,0x00000000eb380000)
 ParOldGen       total 238592K, used 213374K [0x00000000c0000000, 0x00000000ce900000, 0x00000000eab00000)
  object space 238592K, 89% used [0x00000000c0000000,0x00000000cd05f8f8,0x00000000ce900000)
 Metaspace       used 78439K, committed 79872K, reserved 1179648K
  class space    used 8185K, committed 8768K, reserved 1048576K
}
Event: 34.637 GC heap after
{Heap after GC invocations=248 (full 12):
 PSYoungGen      total 8704K, used 2549K [0x00000000eab00000, 0x00000000eb980000, 0x0000000100000000)
  eden space 6144K, 0% used [0x00000000eab00000,0x00000000eab00000,0x00000000eb100000)
  from space 2560K, 99% used [0x00000000eb100000,0x00000000eb37d5a0,0x00000000eb380000)
  to   space 4096K, 0% used [0x00000000eb580000,0x00000000eb580000,0x00000000eb980000)
 ParOldGen       total 238592K, used 214531K [0x00000000c0000000, 0x00000000ce900000, 0x00000000eab00000)
  object space 238592K, 89% used [0x00000000c0000000,0x00000000cd180c58,0x00000000ce900000)
 Metaspace       used 78439K, committed 79872K, reserved 1179648K
  class space    used 8185K, committed 8768K, reserved 1048576K
}
Event: 34.663 GC heap before
{Heap before GC invocations=249 (full 12):
 PSYoungGen      total 8704K, used 8693K [0x00000000eab00000, 0x00000000eb980000, 0x0000000100000000)
  eden space 6144K, 100% used [0x00000000eab00000,0x00000000eb100000,0x00000000eb100000)
  from space 2560K, 99% used [0x00000000eb100000,0x00000000eb37d5a0,0x00000000eb380000)
  to   space 4096K, 0% used [0x00000000eb580000,0x00000000eb580000,0x00000000eb980000)
 ParOldGen       total 238592K, used 214531K [0x00000000c0000000, 0x00000000ce900000, 0x00000000eab00000)
  object space 238592K, 89% used [0x00000000c0000000,0x00000000cd180c58,0x00000000ce900000)
 Metaspace       used 78439K, committed 79872K, reserved 1179648K
  class space    used 8185K, committed 8768K, reserved 1048576K
}
Event: 34.666 GC heap after
{Heap after GC invocations=249 (full 12):
 PSYoungGen      total 10240K, used 2669K [0x00000000eab00000, 0x00000000eb880000, 0x0000000100000000)
  eden space 7168K, 0% used [0x00000000eab00000,0x00000000eab00000,0x00000000eb200000)
  from space 3072K, 86% used [0x00000000eb580000,0x00000000eb81b5b8,0x00000000eb880000)
  to   space 3072K, 0% used [0x00000000eb280000,0x00000000eb280000,0x00000000eb580000)
 ParOldGen       total 238592K, used 216149K [0x00000000c0000000, 0x00000000ce900000, 0x00000000eab00000)
  object space 238592K, 90% used [0x00000000c0000000,0x00000000cd315428,0x00000000ce900000)
 Metaspace       used 78439K, committed 79872K, reserved 1179648K
  class space    used 8185K, committed 8768K, reserved 1048576K
}
Event: 34.705 GC heap before
{Heap before GC invocations=250 (full 12):
 PSYoungGen      total 10240K, used 9837K [0x00000000eab00000, 0x00000000eb880000, 0x0000000100000000)
  eden space 7168K, 100% used [0x00000000eab00000,0x00000000eb200000,0x00000000eb200000)
  from space 3072K, 86% used [0x00000000eb580000,0x00000000eb81b5b8,0x00000000eb880000)
  to   space 3072K, 0% used [0x00000000eb280000,0x00000000eb280000,0x00000000eb580000)
 ParOldGen       total 238592K, used 216149K [0x00000000c0000000, 0x00000000ce900000, 0x00000000eab00000)
  object space 238592K, 90% used [0x00000000c0000000,0x00000000cd315428,0x00000000ce900000)
 Metaspace       used 78439K, committed 79872K, reserved 1179648K
  class space    used 8185K, committed 8768K, reserved 1048576K
}
Event: 34.708 GC heap after
{Heap after GC invocations=250 (full 12):
 PSYoungGen      total 10752K, used 3044K [0x00000000eab00000, 0x00000000ebc00000, 0x0000000100000000)
  eden space 7680K, 0% used [0x00000000eab00000,0x00000000eab00000,0x00000000eb280000)
  from space 3072K, 99% used [0x00000000eb280000,0x00000000eb579248,0x00000000eb580000)
  to   space 4608K, 0% used [0x00000000eb780000,0x00000000eb780000,0x00000000ebc00000)
 ParOldGen       total 238592K, used 217211K [0x00000000c0000000, 0x00000000ce900000, 0x00000000eab00000)
  object space 238592K, 91% used [0x00000000c0000000,0x00000000cd41ef28,0x00000000ce900000)
 Metaspace       used 78439K, committed 79872K, reserved 1179648K
  class space    used 8185K, committed 8768K, reserved 1048576K
}
Event: 34.755 GC heap before
{Heap before GC invocations=251 (full 12):
 PSYoungGen      total 10752K, used 10724K [0x00000000eab00000, 0x00000000ebc00000, 0x0000000100000000)
  eden space 7680K, 100% used [0x00000000eab00000,0x00000000eb280000,0x00000000eb280000)
  from space 3072K, 99% used [0x00000000eb280000,0x00000000eb579248,0x00000000eb580000)
  to   space 4608K, 0% used [0x00000000eb780000,0x00000000eb780000,0x00000000ebc00000)
 ParOldGen       total 238592K, used 217211K [0x00000000c0000000, 0x00000000ce900000, 0x00000000eab00000)
  object space 238592K, 91% used [0x00000000c0000000,0x00000000cd41ef28,0x00000000ce900000)
 Metaspace       used 78439K, committed 79872K, reserved 1179648K
  class space    used 8185K, committed 8768K, reserved 1048576K
}
Event: 34.758 GC heap after
{Heap after GC invocations=251 (full 12):
 PSYoungGen      total 11776K, used 2976K [0x00000000eab00000, 0x00000000eba80000, 0x0000000100000000)
  eden space 8704K, 0% used [0x00000000eab00000,0x00000000eab00000,0x00000000eb380000)
  from space 3072K, 96% used [0x00000000eb780000,0x00000000eba681e0,0x00000000eba80000)
  to   space 3584K, 0% used [0x00000000eb380000,0x00000000eb380000,0x00000000eb700000)
 ParOldGen       total 238592K, used 219130K [0x00000000c0000000, 0x00000000ce900000, 0x00000000eab00000)
  object space 238592K, 91% used [0x00000000c0000000,0x00000000cd5feac0,0x00000000ce900000)
 Metaspace       used 78439K, committed 79872K, reserved 1179648K
  class space    used 8185K, committed 8768K, reserved 1048576K
}
Event: 34.823 GC heap before
{Heap before GC invocations=252 (full 12):
 PSYoungGen      total 11776K, used 11680K [0x00000000eab00000, 0x00000000eba80000, 0x0000000100000000)
  eden space 8704K, 100% used [0x00000000eab00000,0x00000000eb380000,0x00000000eb380000)
  from space 3072K, 96% used [0x00000000eb780000,0x00000000eba681e0,0x00000000eba80000)
  to   space 3584K, 0% used [0x00000000eb380000,0x00000000eb380000,0x00000000eb700000)
 ParOldGen       total 238592K, used 219130K [0x00000000c0000000, 0x00000000ce900000, 0x00000000eab00000)
  object space 238592K, 91% used [0x00000000c0000000,0x00000000cd5feac0,0x00000000ce900000)
 Metaspace       used 78439K, committed 79872K, reserved 1179648K
  class space    used 8185K, committed 8768K, reserved 1048576K
}
Event: 34.827 GC heap after
{Heap after GC invocations=252 (full 12):
 PSYoungGen      total 12288K, used 3579K [0x00000000eab00000, 0x00000000ebe80000, 0x0000000100000000)
  eden space 8704K, 0% used [0x00000000eab00000,0x00000000eab00000,0x00000000eb380000)
  from space 3584K, 99% used [0x00000000eb380000,0x00000000eb6feff0,0x00000000eb700000)
  to   space 5632K, 0% used [0x00000000eb900000,0x00000000eb900000,0x00000000ebe80000)
 ParOldGen       total 238592K, used 220375K [0x00000000c0000000, 0x00000000ce900000, 0x00000000eab00000)
  object space 238592K, 92% used [0x00000000c0000000,0x00000000cd735e28,0x00000000ce900000)
 Metaspace       used 78439K, committed 79872K, reserved 1179648K
  class space    used 8185K, committed 8768K, reserved 1048576K
}
Event: 34.867 GC heap before
{Heap before GC invocations=253 (full 12):
 PSYoungGen      total 12288K, used 12283K [0x00000000eab00000, 0x00000000ebe80000, 0x0000000100000000)
  eden space 8704K, 100% used [0x00000000eab00000,0x00000000eb380000,0x00000000eb380000)
  from space 3584K, 99% used [0x00000000eb380000,0x00000000eb6feff0,0x00000000eb700000)
  to   space 5632K, 0% used [0x00000000eb900000,0x00000000eb900000,0x00000000ebe80000)
 ParOldGen       total 238592K, used 220375K [0x00000000c0000000, 0x00000000ce900000, 0x00000000eab00000)
  object space 238592K, 92% used [0x00000000c0000000,0x00000000cd735e28,0x00000000ce900000)
 Metaspace       used 78439K, committed 79872K, reserved 1179648K
  class space    used 8185K, committed 8768K, reserved 1048576K
}
Event: 34.871 GC heap after
{Heap after GC invocations=253 (full 12):
 PSYoungGen      total 12288K, used 3504K [0x00000000eab00000, 0x00000000ebc80000, 0x0000000100000000)
  eden space 8704K, 0% used [0x00000000eab00000,0x00000000eab00000,0x00000000eb380000)
  from space 3584K, 97% used [0x00000000eb900000,0x00000000ebc6c238,0x00000000ebc80000)
  to   space 4096K, 0% used [0x00000000eb480000,0x00000000eb480000,0x00000000eb880000)
 ParOldGen       total 238592K, used 222633K [0x00000000c0000000, 0x00000000ce900000, 0x00000000eab00000)
  object space 238592K, 93% used [0x00000000c0000000,0x00000000cd96a518,0x00000000ce900000)
 Metaspace       used 78439K, committed 79872K, reserved 1179648K
  class space    used 8185K, committed 8768K, reserved 1048576K
}

