# JRE version: OpenJDK Runtime Environment Temurin-17.0.11+9 (17.0.11+9) (build 17.0.11+9)
# Java VM: OpenJDK 64-Bit Server VM Temurin-17.0.11+9 (17.0.11+9, mixed mode, tiered, compressed oops, compressed class ptrs, parallel gc, windows-amd64)
GC Precious Log:
 CPUs: 8 total, 8 available
 Memory: 16187M
 Large Page Support: Disabled
 NUMA Support: Disabled
 Compressed Oops: Enabled (32-bit)
 Alignments: Space 512K, Generation 512K, Heap 2M
 Heap Min Capacity: 100M
 Heap Initial Capacity: 100M
 Heap Max Capacity: 1G
 Pre-touch: Disabled
 Parallel Workers: 8
Heap:
 PSYoungGen      total 26112K, used 14339K [0x00000000eab00000, 0x00000000ecd80000, 0x0000000100000000)
  eden space 17920K, 66% used [0x00000000eab00000,0x00000000eb6a0868,0x00000000ebc80000)
  from space 8192K, 29% used [0x00000000ebc80000,0x00000000ebee0518,0x00000000ec480000)
  to   space 7680K, 0% used [0x00000000ec600000,0x00000000ec600000,0x00000000ecd80000)
 ParOldGen       total 327168K, used 278597K [0x00000000c0000000, 0x00000000d3f80000, 0x00000000eab00000)
  object space 327168K, 85% used [0x00000000c0000000,0x00000000d10116e0,0x00000000d3f80000)
 Metaspace       used 73179K, committed 74496K, reserved 1179648K
  class space    used 7673K, committed 8256K, reserved 1048576K
GC Heap History (20 events):
Event: 14.416 GC heap before
{Heap before GC invocations=251 (full 11):
 PSYoungGen      total 13312K, used 12804K [0x00000000eab00000, 0x00000000ebd80000, 0x0000000100000000)
  eden space 9216K, 100% used [0x00000000eab00000,0x00000000eb400000,0x00000000eb400000)
  from space 4096K, 87% used [0x00000000eb980000,0x00000000ebd01288,0x00000000ebd80000)
  to   space 4608K, 0% used [0x00000000eb480000,0x00000000eb480000,0x00000000eb900000)
 ParOldGen       total 279040K, used 246232K [0x00000000c0000000, 0x00000000d1080000, 0x00000000eab00000)
  object space 279040K, 88% used [0x00000000c0000000,0x00000000cf0762f8,0x00000000d1080000)
 Metaspace       used 73179K, committed 74496K, reserved 1179648K
  class space    used 7673K, committed 8256K, reserved 1048576K
}
Event: 14.419 GC heap after
{Heap after GC invocations=251 (full 11):
 PSYoungGen      total 14336K, used 4595K [0x00000000eab00000, 0x00000000ec100000, 0x0000000100000000)
  eden space 9728K, 0% used [0x00000000eab00000,0x00000000eab00000,0x00000000eb480000)
  from space 4608K, 99% used [0x00000000eb480000,0x00000000eb8fcce0,0x00000000eb900000)
  to   space 6144K, 0% used [0x00000000ebb00000,0x00000000ebb00000,0x00000000ec100000)
 ParOldGen       total 279040K, used 247309K [0x00000000c0000000, 0x00000000d1080000, 0x00000000eab00000)
  object space 279040K, 88% used [0x00000000c0000000,0x00000000cf183660,0x00000000d1080000)
 Metaspace       used 73179K, committed 74496K, reserved 1179648K
  class space    used 7673K, committed 8256K, reserved 1048576K
}
Event: 14.443 GC heap before
{Heap before GC invocations=252 (full 11):
 PSYoungGen      total 14336K, used 14323K [0x00000000eab00000, 0x00000000ec100000, 0x0000000100000000)
  eden space 9728K, 100% used [0x00000000eab00000,0x00000000eb480000,0x00000000eb480000)
  from space 4608K, 99% used [0x00000000eb480000,0x00000000eb8fcce0,0x00000000eb900000)
  to   space 6144K, 0% used [0x00000000ebb00000,0x00000000ebb00000,0x00000000ec100000)
 ParOldGen       total 279040K, used 247309K [0x00000000c0000000, 0x00000000d1080000, 0x00000000eab00000)
  object space 279040K, 88% used [0x00000000c0000000,0x00000000cf183660,0x00000000d1080000)
 Metaspace       used 73179K, committed 74496K, reserved 1179648K
  class space    used 7673K, committed 8256K, reserved 1048576K
}
Event: 14.446 GC heap after
{Heap after GC invocations=252 (full 11):
 PSYoungGen      total 15360K, used 4126K [0x00000000eab00000, 0x00000000ebf80000, 0x0000000100000000)
  eden space 10752K, 0% used [0x00000000eab00000,0x00000000eab00000,0x00000000eb580000)
  from space 4608K, 89% used [0x00000000ebb00000,0x00000000ebf07a28,0x00000000ebf80000)
  to   space 5120K, 0% used [0x00000000eb580000,0x00000000eb580000,0x00000000eba80000)
 ParOldGen       total 279040K, used 250034K [0x00000000c0000000, 0x00000000d1080000, 0x00000000eab00000)
  object space 279040K, 89% used [0x00000000c0000000,0x00000000cf42c9e0,0x00000000d1080000)
 Metaspace       used 73179K, committed 74496K, reserved 1179648K
  class space    used 7673K, committed 8256K, reserved 1048576K
}
Event: 14.464 GC heap before
{Heap before GC invocations=253 (full 11):
 PSYoungGen      total 15360K, used 14878K [0x00000000eab00000, 0x00000000ebf80000, 0x0000000100000000)
  eden space 10752K, 100% used [0x00000000eab00000,0x00000000eb580000,0x00000000eb580000)
  from space 4608K, 89% used [0x00000000ebb00000,0x00000000ebf07a28,0x00000000ebf80000)
  to   space 5120K, 0% used [0x00000000eb580000,0x00000000eb580000,0x00000000eba80000)
 ParOldGen       total 279040K, used 250034K [0x00000000c0000000, 0x00000000d1080000, 0x00000000eab00000)
  object space 279040K, 89% used [0x00000000c0000000,0x00000000cf42c9e0,0x00000000d1080000)
 Metaspace       used 73179K, committed 74496K, reserved 1179648K
  class space    used 7673K, committed 8256K, reserved 1048576K
}
Event: 14.466 GC heap after
{Heap after GC invocations=253 (full 11):
 PSYoungGen      total 15872K, used 5099K [0x00000000eab00000, 0x00000000ec600000, 0x0000000100000000)
  eden space 10752K, 0% used [0x00000000eab00000,0x00000000eab00000,0x00000000eb580000)
  from space 5120K, 99% used [0x00000000eb580000,0x00000000eba7ac20,0x00000000eba80000)
  to   space 7680K, 0% used [0x00000000ebe80000,0x00000000ebe80000,0x00000000ec600000)
 ParOldGen       total 279040K, used 251929K [0x00000000c0000000, 0x00000000d1080000, 0x00000000eab00000)
  object space 279040K, 90% used [0x00000000c0000000,0x00000000cf6065f8,0x00000000d1080000)
 Metaspace       used 73179K, committed 74496K, reserved 1179648K
  class space    used 7673K, committed 8256K, reserved 1048576K
}
Event: 14.487 GC heap before
{Heap before GC invocations=254 (full 11):
 PSYoungGen      total 15872K, used 15851K [0x00000000eab00000, 0x00000000ec600000, 0x0000000100000000)
  eden space 10752K, 100% used [0x00000000eab00000,0x00000000eb580000,0x00000000eb580000)
  from space 5120K, 99% used [0x00000000eb580000,0x00000000eba7ac20,0x00000000eba80000)
  to   space 7680K, 0% used [0x00000000ebe80000,0x00000000ebe80000,0x00000000ec600000)
 ParOldGen       total 279040K, used 251929K [0x00000000c0000000, 0x00000000d1080000, 0x00000000eab00000)
  object space 279040K, 90% used [0x00000000c0000000,0x00000000cf6065f8,0x00000000d1080000)
 Metaspace       used 73179K, committed 74496K, reserved 1179648K
  class space    used 7673K, committed 8256K, reserved 1048576K
}
Event: 14.490 GC heap after
{Heap after GC invocations=254 (full 11):
 PSYoungGen      total 17408K, used 5049K [0x00000000eab00000, 0x00000000ec380000, 0x0000000100000000)
  eden space 12288K, 0% used [0x00000000eab00000,0x00000000eab00000,0x00000000eb700000)
  from space 5120K, 98% used [0x00000000ebe80000,0x00000000ec36e418,0x00000000ec380000)
  to   space 6144K, 0% used [0x00000000eb780000,0x00000000eb780000,0x00000000ebd80000)
 ParOldGen       total 279040K, used 254634K [0x00000000c0000000, 0x00000000d1080000, 0x00000000eab00000)
  object space 279040K, 91% used [0x00000000c0000000,0x00000000cf8aa8a8,0x00000000d1080000)
 Metaspace       used 73179K, committed 74496K, reserved 1179648K
  class space    used 7673K, committed 8256K, reserved 1048576K
}
Event: 14.520 GC heap before
{Heap before GC invocations=255 (full 11):
 PSYoungGen      total 17408K, used 17337K [0x00000000eab00000, 0x00000000ec380000, 0x0000000100000000)
  eden space 12288K, 100% used [0x00000000eab00000,0x00000000eb700000,0x00000000eb700000)
  from space 5120K, 98% used [0x00000000ebe80000,0x00000000ec36e418,0x00000000ec380000)
  to   space 6144K, 0% used [0x00000000eb780000,0x00000000eb780000,0x00000000ebd80000)
 ParOldGen       total 279040K, used 254634K [0x00000000c0000000, 0x00000000d1080000, 0x00000000eab00000)
  object space 279040K, 91% used [0x00000000c0000000,0x00000000cf8aa8a8,0x00000000d1080000)
 Metaspace       used 73179K, committed 74496K, reserved 1179648K
  class space    used 7673K, committed 8256K, reserved 1048576K
}
Event: 14.524 GC heap after
{Heap after GC invocations=255 (full 11):
 PSYoungGen      total 18944K, used 6135K [0x00000000eab00000, 0x00000000eca80000, 0x0000000100000000)
  eden space 12800K, 0% used [0x00000000eab00000,0x00000000eab00000,0x00000000eb780000)
  from space 6144K, 99% used [0x00000000eb780000,0x00000000ebd7dd30,0x00000000ebd80000)
  to   space 9216K, 0% used [0x00000000ec180000,0x00000000ec180000,0x00000000eca80000)
 ParOldGen       total 279040K, used 256841K [0x00000000c0000000, 0x00000000d1080000, 0x00000000eab00000)
  object space 279040K, 92% used [0x00000000c0000000,0x00000000cfad2720,0x00000000d1080000)
 Metaspace       used 73179K, committed 74496K, reserved 1179648K
  class space    used 7673K, committed 8256K, reserved 1048576K
}
Event: 14.539 GC heap before
{Heap before GC invocations=256 (full 11):
 PSYoungGen      total 18944K, used 18935K [0x00000000eab00000, 0x00000000eca80000, 0x0000000100000000)
  eden space 12800K, 100% used [0x00000000eab00000,0x00000000eb780000,0x00000000eb780000)
  from space 6144K, 99% used [0x00000000eb780000,0x00000000ebd7dd30,0x00000000ebd80000)
  to   space 9216K, 0% used [0x00000000ec180000,0x00000000ec180000,0x00000000eca80000)
 ParOldGen       total 279040K, used 256841K [0x00000000c0000000, 0x00000000d1080000, 0x00000000eab00000)
  object space 279040K, 92% used [0x00000000c0000000,0x00000000cfad2720,0x00000000d1080000)
 Metaspace       used 73179K, committed 74496K, reserved 1179648K
  class space    used 7673K, committed 8256K, reserved 1048576K
}
Event: 14.543 GC heap after
{Heap after GC invocations=256 (full 11):
 PSYoungGen      total 20992K, used 6215K [0x00000000eab00000, 0x00000000ec800000, 0x0000000100000000)
  eden space 14336K, 0% used [0x00000000eab00000,0x00000000eab00000,0x00000000eb900000)
  from space 6656K, 93% used [0x00000000ec180000,0x00000000ec791d88,0x00000000ec800000)
  to   space 7168K, 0% used [0x00000000eba00000,0x00000000eba00000,0x00000000ec100000)
 ParOldGen       total 279040K, used 260613K [0x00000000c0000000, 0x00000000d1080000, 0x00000000eab00000)
  object space 279040K, 93% used [0x00000000c0000000,0x00000000cfe81678,0x00000000d1080000)
 Metaspace       used 73179K, committed 74496K, reserved 1179648K
  class space    used 7673K, committed 8256K, reserved 1048576K
}
Event: 14.555 GC heap before
{Heap before GC invocations=257 (full 11):
 PSYoungGen      total 20992K, used 20551K [0x00000000eab00000, 0x00000000ec800000, 0x0000000100000000)
  eden space 14336K, 100% used [0x00000000eab00000,0x00000000eb900000,0x00000000eb900000)
  from space 6656K, 93% used [0x00000000ec180000,0x00000000ec791d88,0x00000000ec800000)
  to   space 7168K, 0% used [0x00000000eba00000,0x00000000eba00000,0x00000000ec100000)
 ParOldGen       total 279040K, used 260613K [0x00000000c0000000, 0x00000000d1080000, 0x00000000eab00000)
  object space 279040K, 93% used [0x00000000c0000000,0x00000000cfe81678,0x00000000d1080000)
 Metaspace       used 73179K, committed 74496K, reserved 1179648K
  class space    used 7673K, committed 8256K, reserved 1048576K
}
Event: 14.560 GC heap after
{Heap after GC invocations=257 (full 11):
 PSYoungGen      total 22528K, used 7166K [0x00000000eab00000, 0x00000000ed200000, 0x0000000100000000)
  eden space 15360K, 0% used [0x00000000eab00000,0x00000000eab00000,0x00000000eba00000)
  from space 7168K, 99% used [0x00000000eba00000,0x00000000ec0ff870,0x00000000ec100000)
  to   space 11776K, 0% used [0x00000000ec680000,0x00000000ec680000,0x00000000ed200000)
 ParOldGen       total 279040K, used 264326K [0x00000000c0000000, 0x00000000d1080000, 0x00000000eab00000)
  object space 279040K, 94% used [0x00000000c0000000,0x00000000d02218a0,0x00000000d1080000)
 Metaspace       used 73179K, committed 74496K, reserved 1179648K
  class space    used 7673K, committed 8256K, reserved 1048576K
}
Event: 14.569 GC heap before
{Heap before GC invocations=258 (full 11):
 PSYoungGen      total 22528K, used 22526K [0x00000000eab00000, 0x00000000ed200000, 0x0000000100000000)
  eden space 15360K, 100% used [0x00000000eab00000,0x00000000eba00000,0x00000000eba00000)
  from space 7168K, 99% used [0x00000000eba00000,0x00000000ec0ff870,0x00000000ec100000)
  to   space 11776K, 0% used [0x00000000ec680000,0x00000000ec680000,0x00000000ed200000)
 ParOldGen       total 279040K, used 264326K [0x00000000c0000000, 0x00000000d1080000, 0x00000000eab00000)
  object space 279040K, 94% used [0x00000000c0000000,0x00000000d02218a0,0x00000000d1080000)
 Metaspace       used 73179K, committed 74496K, reserved 1179648K
  class space    used 7673K, committed 8256K, reserved 1048576K
}
Event: 14.573 GC heap after
{Heap after GC invocations=258 (full 11):
 PSYoungGen      total 23552K, used 5928K [0x00000000eab00000, 0x00000000ecc80000, 0x0000000100000000)
  eden space 17408K, 0% used [0x00000000eab00000,0x00000000eab00000,0x00000000ebc00000)
  from space 6144K, 96% used [0x00000000ec680000,0x00000000ecc4a0a0,0x00000000ecc80000)
  to   space 8192K, 0% used [0x00000000ebc80000,0x00000000ebc80000,0x00000000ec480000)
 ParOldGen       total 279040K, used 271320K [0x00000000c0000000, 0x00000000d1080000, 0x00000000eab00000)
  object space 279040K, 97% used [0x00000000c0000000,0x00000000d08f6048,0x00000000d1080000)
 Metaspace       used 73179K, committed 74496K, reserved 1179648K
  class space    used 7673K, committed 8256K, reserved 1048576K
}
Event: 14.584 GC heap before
{Heap before GC invocations=259 (full 11):
 PSYoungGen      total 23552K, used 23336K [0x00000000eab00000, 0x00000000ecc80000, 0x0000000100000000)
  eden space 17408K, 100% used [0x00000000eab00000,0x00000000ebc00000,0x00000000ebc00000)
  from space 6144K, 96% used [0x00000000ec680000,0x00000000ecc4a0a0,0x00000000ecc80000)
  to   space 8192K, 0% used [0x00000000ebc80000,0x00000000ebc80000,0x00000000ec480000)
 ParOldGen       total 279040K, used 271320K [0x00000000c0000000, 0x00000000d1080000, 0x00000000eab00000)
  object space 279040K, 97% used [0x00000000c0000000,0x00000000d08f6048,0x00000000d1080000)
 Metaspace       used 73179K, committed 74496K, reserved 1179648K
  class space    used 7673K, committed 8256K, reserved 1048576K
}
Event: 14.587 GC heap after
{Heap after GC invocations=259 (full 11):
 PSYoungGen      total 26112K, used 7142K [0x00000000eab00000, 0x00000000ecd00000, 0x0000000100000000)
  eden space 17920K, 0% used [0x00000000eab00000,0x00000000eab00000,0x00000000ebc80000)
  from space 8192K, 87% used [0x00000000ebc80000,0x00000000ec379920,0x00000000ec480000)
  to   space 7680K, 0% used [0x00000000ec580000,0x00000000ec580000,0x00000000ecd00000)
 ParOldGen       total 279040K, used 276987K [0x00000000c0000000, 0x00000000d1080000, 0x00000000eab00000)
  object space 279040K, 99% used [0x00000000c0000000,0x00000000d0e7ecf0,0x00000000d1080000)
 Metaspace       used 73179K, committed 74496K, reserved 1179648K
  class space    used 7673K, committed 8256K, reserved 1048576K
}
Event: 14.587 GC heap before
{Heap before GC invocations=260 (full 12):
 PSYoungGen      total 26112K, used 7142K [0x00000000eab00000, 0x00000000ecd00000, 0x0000000100000000)
  eden space 17920K, 0% used [0x00000000eab00000,0x00000000eab00000,0x00000000ebc80000)
  from space 8192K, 87% used [0x00000000ebc80000,0x00000000ec379920,0x00000000ec480000)
  to   space 7680K, 0% used [0x00000000ec580000,0x00000000ec580000,0x00000000ecd00000)
 ParOldGen       total 279040K, used 276987K [0x00000000c0000000, 0x00000000d1080000, 0x00000000eab00000)
  object space 279040K, 99% used [0x00000000c0000000,0x00000000d0e7ecf0,0x00000000d1080000)
 Metaspace       used 73179K, committed 74496K, reserved 1179648K
  class space    used 7673K, committed 8256K, reserved 1048576K
}
Event: 14.832 GC heap after
{Heap after GC invocations=260 (full 12):
 PSYoungGen      total 26112K, used 2433K [0x00000000eab00000, 0x00000000ecd80000, 0x0000000100000000)
  eden space 17920K, 0% used [0x00000000eab00000,0x00000000eab00000,0x00000000ebc80000)
  from space 8192K, 29% used [0x00000000ebc80000,0x00000000ebee0518,0x00000000ec480000)
  to   space 7680K, 0% used [0x00000000ec600000,0x00000000ec600000,0x00000000ecd80000)
 ParOldGen       total 327168K, used 278597K [0x00000000c0000000, 0x00000000d3f80000, 0x00000000eab00000)
  object space 327168K, 85% used [0x00000000c0000000,0x00000000d10116e0,0x00000000d3f80000)
 Metaspace       used 73179K, committed 74496K, reserved 1179648K
  class space    used 7673K, committed 8256K, reserved 1048576K
}

